IQ-TREE multicore version 2.1.2 COVID-edition for Linux 64-bit built Oct 22 2020
Developed by Bui Quang Minh, James Barbetti, Nguyen Lam Tung,
Olga Chernomor, Heiko Schmidt, Dominik Schrempf, Michael Woodhams.

Host:    deigo011236.oist.jp (AVX2, FMA3, 503 GB RAM)
Command: /flash/BourguignonU/Tool/iqtree-2.1.2-Linux/bin/iqtree2 -s new-protein-nucleotide-cockroach-extracted-Treponema-COG0525.fasta -m GTR+F+I+G --date DATE_FILE2 --date-root 130 --date-tip 0 --date-ci 100 --date-options -u 1 -o mgm4583651.3-4.csv-COG0525_number122__Bacteria_Spirochaetes_Spirochaetia_Spirochaetales_Spirochaetaceae_Treponema_1--NA-NA-NA-NA-NA,mgm4583651.3-4.csv-COG0525_number125__Bacteria_Spirochaetes_Spirochaetia_Spirochaetales_Spirochaetaceae_Treponema_1--NA-NA-NA-NA-NA,mgm4583652.3-3.csv-COG0525_number97__Bacteria_Spirochaetes_Spirochaetia_Spirochaetales_Spirochaetaceae_Treponema_1--NA-NA-NA-NA-NA,mgm4583652.3-3.csv-COG0525_number99__Bacteria_Spirochaetes_Spirochaetia_Spirochaetales_Spirochaetaceae_Treponema_1--NA-NA-NA-NA-NA,mgm4583652.3-3.csv-COG0525_number105__Bacteria_Spirochaetes_Spirochaetia_Spirochaetales_Spirochaetaceae_Treponema_1--NA-NA-NA-NA-NA
Seed:    538486 (Using SPRNG - Scalable Parallel Random Number Generator)
Time:    Tue Nov 24 21:33:40 2020
Kernel:  AVX+FMA - 1 threads (1 CPU cores detected)

Reading alignment file new-protein-nucleotide-cockroach-extracted-Treponema-COG0525.fasta ... Fasta format detected
Alignment most likely contains DNA/RNA sequences
WARNING: 39 sites contain only gaps or ambiguous characters.
Alignment has 439 sequences with 7497 columns, 4453 distinct patterns
3015 parsimony-informative, 1213 singleton sites, 3269 constant sites
                                                                                                                                                                Gap/Ambiguity  Composition  p-value
   1  mgm4583651.3-4.csv-COG0525_number122__Bacteria_Spirochaetes_Spirochaetia_Spirochaetales_Spirochaetaceae_Treponema_1--NA-NA-NA-NA-NA                              94.48%    failed      0.00%
   2  mgm4583651.3-4.csv-COG0525_number125__Bacteria_Spirochaetes_Spirochaetia_Spirochaetales_Spirochaetaceae_Treponema_1--NA-NA-NA-NA-NA                              95.40%    failed      0.00%
   3  mgm4583652.3-3.csv-COG0525_number97__Bacteria_Spirochaetes_Spirochaetia_Spirochaetales_Spirochaetaceae_Treponema_1--NA-NA-NA-NA-NA                               93.16%    failed      0.00%
   4  mgm4583652.3-3.csv-COG0525_number99__Bacteria_Spirochaetes_Spirochaetia_Spirochaetales_Spirochaetaceae_Treponema_1--NA-NA-NA-NA-NA                               97.00%    failed      0.00%
   5  mgm4583652.3-3.csv-COG0525_number105__Bacteria_Spirochaetes_Spirochaetia_Spirochaetales_Spirochaetaceae_Treponema_1--NA-NA-NA-NA-NA                              96.40%    failed      0.01%
   6  229-01--HSRNA1-Archotermopsidae-Hodotermopsis-sjosdedti-China-Paleo-arctic--JPLABEBE_74893_1--NA-NA-NA-NA-NA                                                     74.31%    failed      0.00%
   7  229-03--CF-RNA-1-Rhinotermitidae-Coptotermes-formosanus-South_East_Asia-Oriental--GINAPPOA_05472_1--NA-NA-NA-NA-NA                                               64.67%    passed     30.75%
   8  229-03--CF-RNA-1-Rhinotermitidae-Coptotermes-formosanus-South_East_Asia-Oriental--GINAPPOA_08411_1--NA-NA-NA-NA-NA                                               60.10%    failed      0.02%
   9  229-03--CF-RNA-1-Rhinotermitidae-Coptotermes-formosanus-South_East_Asia-Oriental--GINAPPOA_164556_1--NA-NA-NA-NA-NA                                              62.10%    failed      0.00%
  10  229-03--CF-RNA-1-Rhinotermitidae-Coptotermes-formosanus-South_East_Asia-Oriental--GINAPPOA_258209_1--NA-NA-NA-NA-NA                                              64.47%    failed      0.00%
  11  229-03--CF-RNA-1-Rhinotermitidae-Coptotermes-formosanus-South_East_Asia-Oriental--GINAPPOA_298981_1--NA-NA-NA-NA-NA                                              66.51%    failed      0.00%
  12  229-05--MD-RNA-1-Mastotermitidae-Mastotermes-darwiniensis-Australia-Australia--PPNPLOKA_140022_1--NA-NA-NA-NA-NA                                                 67.03%    failed      0.00%
  13  229-05--MD-RNA-1-Mastotermitidae-Mastotermes-darwiniensis-Australia-Australia--PPNPLOKA_198226_1--NA-NA-NA-NA-NA                                                 73.39%    failed      0.00%
  14  229-05--MD-RNA-1-Mastotermitidae-Mastotermes-darwiniensis-Australia-Australia--PPNPLOKA_47160_1--NA-NA-NA-NA-NA                                                  54.54%    failed      0.00%
  15  229-05--MD-RNA-1-Mastotermitidae-Mastotermes-darwiniensis-Australia-Australia--PPNPLOKA_73855_1--NA-NA-NA-NA-NA                                                  61.42%    failed      0.00%
  16  229-05--MD-RNA-1-Mastotermitidae-Mastotermes-darwiniensis-Australia-Australia--PPNPLOKA_78990_1--NA-NA-NA-NA-NA                                                  65.11%    failed      0.00%
  17  229-05--MD-RNA-1-Mastotermitidae-Mastotermes-darwiniensis-Australia-Australia--PPNPLOKA_83212_1--NA-NA-NA-NA-NA                                                  63.19%    failed      0.00%
  18  229-07--Msp-RNA-1-Microcerotermes-Microcerotermes-South_East_Asia-Oriental--DPEHDFIK_02160_1--cog0525_micro_clade3-NA-NA-cog0525_nanotermes_clade1-NA            62.26%    passed     76.22%
  19  229-07--Msp-RNA-1-Microcerotermes-Microcerotermes-South_East_Asia-Oriental--DPEHDFIK_05976_1--cog0525_micro_clade3-NA-NA-cog0525_nanotermes_clade1-NA            64.55%    failed      0.11%
  20  229-07--Msp-RNA-1-Microcerotermes-Microcerotermes-South_East_Asia-Oriental--DPEHDFIK_14098_1--cog0525_micro_clade3-NA-NA-cog0525_nanotermes_clade1-NA            64.51%    passed     70.07%
  21  229-07--Msp-RNA-1-Microcerotermes-Microcerotermes-South_East_Asia-Oriental--DPEHDFIK_17197_1--NA-NA-NA-NA-cog0525_nanotermes_clade2                              62.14%    passed     17.38%
  22  229-07--Msp-RNA-1-Microcerotermes-Microcerotermes-South_East_Asia-Oriental--DPEHDFIK_17283_1--NA-NA-cog0525_micro_clade2-NA-cog0525_nanotermes_clade2            64.03%    failed      0.03%
  23  229-07--Msp-RNA-1-Microcerotermes-Microcerotermes-South_East_Asia-Oriental--DPEHDFIK_17399_1--cog0525_micro_clade3-NA-NA-cog0525_nanotermes_clade1-NA            64.43%    passed     22.28%
  24  229-07--Msp-RNA-1-Microcerotermes-Microcerotermes-South_East_Asia-Oriental--DPEHDFIK_35178_1--cog0525_micro_clade3-NA-NA-cog0525_nanotermes_clade1-NA            64.67%    passed     39.44%
  25  229-07--Msp-RNA-1-Microcerotermes-Microcerotermes-South_East_Asia-Oriental--DPEHDFIK_44948_1--cog0525_micro_clade3-NA-NA-cog0525_nanotermes_clade1-NA            77.15%    failed      1.66%
  26  229-07--Msp-RNA-1-Microcerotermes-Microcerotermes-South_East_Asia-Oriental--DPEHDFIK_51870_1--NA-cog0525_micro_clade1-NA-NA-NA                                   70.55%    failed      0.01%
  27  229-07--Msp-RNA-1-Microcerotermes-Microcerotermes-South_East_Asia-Oriental--DPEHDFIK_97890_1--cog0525_micro_clade3-NA-NA-cog0525_nanotermes_clade1-NA            72.67%    passed     48.79%
  28  229-08--Cryptocercidae-Cryptocercus-punctulatus-Korea-Paleo-arctic--EFBOEOPL_45102_1--NA-NA-NA-NA-NA                                                             64.39%    failed      0.00%
  29  230-04--RDCT185-Rhinotermitidae-Coptotermes-Congo-Afro-tropical--AEOJKODN_18390_1--NA-NA-NA-NA-NA                                                                74.67%    failed      0.00%
  30  230-04--RDCT185-Rhinotermitidae-Coptotermes-Congo-Afro-tropical--AEOJKODN_19671_1--NA-NA-NA-NA-NA                                                                72.59%    failed      0.33%
  31  230-05--TBRU514A-Termitinae-Prohamitermes-Brunei-Oriental--LGBFAFNP_00928_1--NA-NA-NA-cog0525_nanotermes_clade1-NA                                               64.39%    failed      0.00%
  32  230-11--60-Nasutitermitinae-Nasutitermes-gracilirostris-New-Guinea-Oceania--MHIDOOBA_00771_1--NA-NA-NA-cog0525_nanotermes_clade1-NA                              64.15%    failed      0.02%
  33  230-11--60-Nasutitermitinae-Nasutitermes-gracilirostris-New-Guinea-Oceania--MHIDOOBA_04963_1--NA-NA-NA-NA-NA                                                     64.19%    failed      0.00%
  34  230-11--60-Nasutitermitinae-Nasutitermes-gracilirostris-New-Guinea-Oceania--MHIDOOBA_11326_1--NA-NA-NA-NA-NA                                                     64.43%    failed      0.00%
  35  230-11--60-Nasutitermitinae-Nasutitermes-gracilirostris-New-Guinea-Oceania--MHIDOOBA_14383_1--NA-NA-NA-cog0525_nanotermes_clade1-NA                              66.47%    failed      0.00%
  36  230-11--60-Nasutitermitinae-Nasutitermes-gracilirostris-New-Guinea-Oceania--MHIDOOBA_22049_1--NA-NA-NA-NA-NA                                                     64.19%    passed     24.40%
  37  230-11--60-Nasutitermitinae-Nasutitermes-gracilirostris-New-Guinea-Oceania--MHIDOOBA_22469_1--NA-NA-NA-NA-cog0525_nanotermes_clade2                              64.63%    failed      0.29%
  38  230-11--60-Nasutitermitinae-Nasutitermes-gracilirostris-New-Guinea-Oceania--MHIDOOBA_23010_1--NA-NA-NA-cog0525_nanotermes_clade1-NA                              64.27%    failed      0.00%
  39  230-12--81-Microcerotermes-Microcerotermes-papuanus-New-Guinea-Oceania--GCKEGHAL_04102_1--cog0525_micro_clade3-NA-NA-cog0525_nanotermes_clade1-NA                63.75%    passed     24.72%
  40  230-12--81-Microcerotermes-Microcerotermes-papuanus-New-Guinea-Oceania--GCKEGHAL_11503_1--cog0525_micro_clade3-NA-NA-cog0525_nanotermes_clade1-NA                64.75%    passed     23.65%
  41  230-12--81-Microcerotermes-Microcerotermes-papuanus-New-Guinea-Oceania--GCKEGHAL_22399_1--cog0525_micro_clade3-NA-NA-cog0525_nanotermes_clade1-NA                64.51%    failed      0.00%
  42  230-12--81-Microcerotermes-Microcerotermes-papuanus-New-Guinea-Oceania--GCKEGHAL_30967_1--cog0525_micro_clade3-NA-NA-cog0525_nanotermes_clade1-NA                69.67%    passed     88.09%
  43  230-12--81-Microcerotermes-Microcerotermes-papuanus-New-Guinea-Oceania--GCKEGHAL_46862_1--NA-cog0525_micro_clade1-NA-NA-NA                                       67.23%    passed     45.51%
  44  230-13--THAI43-Nasutitermitinae-Nasutitermes-sp-3-Thailand-Oriental--GAHIMCHH_01420_1--NA-NA-NA-NA-cog0525_nanotermes_clade2                                     63.63%    passed     72.39%
  45  230-13--THAI43-Nasutitermitinae-Nasutitermes-sp-3-Thailand-Oriental--GAHIMCHH_02516_1--NA-NA-NA-cog0525_nanotermes_clade1-NA                                     63.79%    failed      0.00%
  46  230-13--THAI43-Nasutitermitinae-Nasutitermes-sp-3-Thailand-Oriental--GAHIMCHH_04860_1--NA-NA-NA-NA-cog0525_nanotermes_clade2                                     63.39%    failed      1.42%
  47  230-13--THAI43-Nasutitermitinae-Nasutitermes-sp-3-Thailand-Oriental--GAHIMCHH_05286_1--NA-NA-NA-NA-cog0525_nanotermes_clade2                                     63.11%    passed     39.37%
  48  230-13--THAI43-Nasutitermitinae-Nasutitermes-sp-3-Thailand-Oriental--GAHIMCHH_09522_1--NA-NA-NA-NA-NA                                                            64.23%    passed      6.63%
  49  230-13--THAI43-Nasutitermitinae-Nasutitermes-sp-3-Thailand-Oriental--GAHIMCHH_17762_1--NA-NA-NA-cog0525_nanotermes_clade1-NA                                     63.95%    failed      0.00%
  50  230-14--RDCT055-Microcerotermes-Microcerotermes-parvus-Congo-Afro-tropical--AELJIOAN_05324_1--cog0525_micro_clade3-NA-NA-cog0525_nanotermes_clade1-NA            64.59%    passed     42.48%
  51  230-14--RDCT055-Microcerotermes-Microcerotermes-parvus-Congo-Afro-tropical--AELJIOAN_08797_1--cog0525_micro_clade3-NA-NA-cog0525_nanotermes_clade1-NA            63.99%    passed     36.59%
  52  230-14--RDCT055-Microcerotermes-Microcerotermes-parvus-Congo-Afro-tropical--AELJIOAN_09853_1--NA-NA-cog0525_micro_clade2-NA-cog0525_nanotermes_clade2            68.11%    failed      0.09%
  53  230-14--RDCT055-Microcerotermes-Microcerotermes-parvus-Congo-Afro-tropical--AELJIOAN_17033_1--cog0525_micro_clade3-NA-NA-cog0525_nanotermes_clade1-NA            64.39%    passed     39.93%
  54  230-14--RDCT055-Microcerotermes-Microcerotermes-parvus-Congo-Afro-tropical--AELJIOAN_18788_1--NA-NA-NA-NA-NA                                                     68.07%    passed      5.49%
  55  230-14--RDCT055-Microcerotermes-Microcerotermes-parvus-Congo-Afro-tropical--AELJIOAN_21300_1--cog0525_micro_clade3-NA-NA-cog0525_nanotermes_clade1-NA            64.47%    failed      0.00%
  56  230-14--RDCT055-Microcerotermes-Microcerotermes-parvus-Congo-Afro-tropical--AELJIOAN_36516_1--NA-cog0525_micro_clade1-NA-NA-NA                                   63.91%    passed      8.68%
  57  230-14--RDCT055-Microcerotermes-Microcerotermes-parvus-Congo-Afro-tropical--AELJIOAN_50573_1--NA-NA-NA-NA-NA                                                     71.83%    passed     52.71%
  58  230-14--RDCT055-Microcerotermes-Microcerotermes-parvus-Congo-Afro-tropical--AELJIOAN_57528_1--cog0525_micro_clade3-NA-NA-cog0525_nanotermes_clade1-NA            74.39%    passed     51.21%
  59  230-15--D2-34-Microcerotermes-Microcerotermes_parvus-New-Guinea-Oceania--HEFGFCPB_09924_1--cog0525_micro_clade3-NA-NA-cog0525_nanotermes_clade1-NA               64.07%    passed     96.25%
  60  230-16--MAD15-54-Microcerotermes-Microcerotermes-mad-sp-H-Madagascar-Madagascar--LABPPIEE_01656_1--cog0525_micro_clade3-NA-NA-cog0525_nanotermes_clade1-NA       64.59%    passed     91.45%
  61  230-16--MAD15-54-Microcerotermes-Microcerotermes-mad-sp-H-Madagascar-Madagascar--LABPPIEE_11705_1--NA-NA-cog0525_micro_clade2-NA-cog0525_nanotermes_clade2       63.23%    failed      0.00%
  62  230-17--TBRU318a-Microcerotermes-Microcerotermes-nr-havilandi-Brunei-Oriental--MIEDJDJK_04766_1--cog0525_micro_clade3-NA-NA-cog0525_nanotermes_clade1-NA         64.67%    passed     53.37%
  63  230-18--SING74-Kalotermitidae-Neotermes-Singapore-Oriental--CMPJFEBM_01787_1--NA-NA-NA-NA-NA                                                                     64.03%    failed      0.00%
  64  230-19--G13-62-Syntermitinae-Cornitermes-sp-A-French-Guiana-Neo-tropical--EBADLNIJ_03317_1--NA-NA-NA-cog0525_nanotermes_clade1-NA                                64.59%    failed      0.00%
  65  230-19--G13-62-Syntermitinae-Cornitermes-sp-A-French-Guiana-Neo-tropical--EBADLNIJ_07824_1--NA-NA-NA-cog0525_nanotermes_clade1-NA                                64.27%    failed      0.00%
  66  230-19--G13-62-Syntermitinae-Cornitermes-sp-A-French-Guiana-Neo-tropical--EBADLNIJ_09624_1--NA-NA-NA-cog0525_nanotermes_clade1-NA                                63.19%    failed      0.00%
  67  230-19--G13-62-Syntermitinae-Cornitermes-sp-A-French-Guiana-Neo-tropical--EBADLNIJ_26306_1--NA-NA-NA-cog0525_nanotermes_clade1-NA                                66.31%    failed      0.00%
  68  230-22--RDCT165-Sphaerotermitinae-Sphaerotermes-sphaerothorax-Congo-Afro-tropical--NOBJMEMK_08493_1--NA-NA-NA-NA-NA                                              62.38%    passed     24.51%
  69  230-22--RDCT165-Sphaerotermitinae-Sphaerotermes-sphaerothorax-Congo-Afro-tropical--NOBJMEMK_12755_1--NA-NA-NA-NA-NA                                              64.35%    passed     90.59%
  70  230-22--RDCT165-Sphaerotermitinae-Sphaerotermes-sphaerothorax-Congo-Afro-tropical--NOBJMEMK_24467_1--NA-NA-NA-NA-NA                                              63.47%    passed     31.38%
  71  230-22--RDCT165-Sphaerotermitinae-Sphaerotermes-sphaerothorax-Congo-Afro-tropical--NOBJMEMK_48647_1--NA-NA-NA-NA-NA                                              70.03%    passed     53.07%
  72  230-22--RDCT165-Sphaerotermitinae-Sphaerotermes-sphaerothorax-Congo-Afro-tropical--NOBJMEMK_55202_1--NA-NA-NA-NA-NA                                              64.31%    passed     63.93%
  73  230-22--RDCT165-Sphaerotermitinae-Sphaerotermes-sphaerothorax-Congo-Afro-tropical--NOBJMEMK_56433_1--NA-NA-NA-NA-NA                                              64.31%    failed      0.34%
  74  230-22--RDCT165-Sphaerotermitinae-Sphaerotermes-sphaerothorax-Congo-Afro-tropical--NOBJMEMK_56724_1--NA-NA-NA-NA-NA                                              64.07%    failed      0.00%
  75  230-22--RDCT165-Sphaerotermitinae-Sphaerotermes-sphaerothorax-Congo-Afro-tropical--NOBJMEMK_77009_1--NA-NA-NA-NA-NA                                              77.35%    passed     34.31%
  76  230-24--THAI31-Kalotermitidae-Glyptotermes-sp-3-Thailand-Oriental--JCPPJJKB_01912_1--NA-NA-NA-NA-NA                                                              64.51%    failed      0.22%
  77  272-02--28-Microcerotermes-Microcerotermes-papuanus-New-Guinea-Oceania--JCCLNIIL_04988_1--cog0525_micro_clade3-NA-NA-cog0525_nanotermes_clade1-NA                64.75%    failed      1.42%
  78  272-02--28-Microcerotermes-Microcerotermes-papuanus-New-Guinea-Oceania--JCCLNIIL_07520_1--cog0525_micro_clade3-NA-NA-cog0525_nanotermes_clade1-NA                63.03%    passed     49.88%
  79  272-02--28-Microcerotermes-Microcerotermes-papuanus-New-Guinea-Oceania--JCCLNIIL_17233_1--cog0525_micro_clade3-NA-NA-cog0525_nanotermes_clade1-NA                61.38%    passed      7.27%
  80  272-02--28-Microcerotermes-Microcerotermes-papuanus-New-Guinea-Oceania--JCCLNIIL_21686_1--cog0525_micro_clade3-NA-NA-cog0525_nanotermes_clade1-NA                64.67%    failed      0.72%
  81  272-02--28-Microcerotermes-Microcerotermes-papuanus-New-Guinea-Oceania--JCCLNIIL_33025_1--cog0525_micro_clade3-NA-NA-cog0525_nanotermes_clade1-NA                64.39%    passed     47.93%
  82  272-02--28-Microcerotermes-Microcerotermes-papuanus-New-Guinea-Oceania--JCCLNIIL_39931_1--cog0525_micro_clade3-NA-NA-cog0525_nanotermes_clade1-NA                62.83%    passed     15.39%
  83  272-02--28-Microcerotermes-Microcerotermes-papuanus-New-Guinea-Oceania--JCCLNIIL_40762_1--NA-cog0525_micro_clade1-NA-NA-NA                                       64.39%    passed     10.40%
  84  272-02--28-Microcerotermes-Microcerotermes-papuanus-New-Guinea-Oceania--JCCLNIIL_43848_1--cog0525_micro_clade3-NA-NA-cog0525_nanotermes_clade1-NA                63.91%    passed     47.72%
  85  272-02--28-Microcerotermes-Microcerotermes-papuanus-New-Guinea-Oceania--JCCLNIIL_46675_1--cog0525_micro_clade3-NA-NA-cog0525_nanotermes_clade1-NA                60.86%    passed     45.33%
  86  272-02--28-Microcerotermes-Microcerotermes-papuanus-New-Guinea-Oceania--JCCLNIIL_47062_1--cog0525_micro_clade3-NA-NA-cog0525_nanotermes_clade1-NA                64.47%    failed      3.80%
  87  272-02--28-Microcerotermes-Microcerotermes-papuanus-New-Guinea-Oceania--JCCLNIIL_50592_1--cog0525_micro_clade3-NA-NA-cog0525_nanotermes_clade1-NA                64.63%    passed     86.85%
  88  272-02--28-Microcerotermes-Microcerotermes-papuanus-New-Guinea-Oceania--JCCLNIIL_50790_1--cog0525_micro_clade3-NA-NA-cog0525_nanotermes_clade1-NA                64.67%    failed      0.47%
  89  272-02--28-Microcerotermes-Microcerotermes-papuanus-New-Guinea-Oceania--JCCLNIIL_55473_1--cog0525_micro_clade3-NA-NA-cog0525_nanotermes_clade1-NA                76.99%    passed     15.73%
  90  272-02--28-Microcerotermes-Microcerotermes-papuanus-New-Guinea-Oceania--JCCLNIIL_71124_1--cog0525_micro_clade3-NA-NA-cog0525_nanotermes_clade1-NA                64.27%    passed     50.76%
  91  272-03--30-Rhinotermitidae-Parrhinotermes-browni-New-Guinea-Oceania--BFIFJDIC_03639_1--NA-NA-NA-NA-NA                                                            63.39%    failed      0.00%
  92  272-03--30-Rhinotermitidae-Parrhinotermes-browni-New-Guinea-Oceania--BFIFJDIC_14519_1--NA-NA-NA-NA-NA                                                            64.79%    failed      0.31%
  93  272-03--30-Rhinotermitidae-Parrhinotermes-browni-New-Guinea-Oceania--BFIFJDIC_22436_1--NA-NA-NA-NA-NA                                                            64.23%    failed      0.96%
  94  272-04--48-Microcerotermes-Microcerotermes-papuanus-New-Guinea-Oceania--LLJHKGFM_02377_1--cog0525_micro_clade3-NA-NA-cog0525_nanotermes_clade1-NA                64.47%    passed     62.72%
  95  272-04--48-Microcerotermes-Microcerotermes-papuanus-New-Guinea-Oceania--LLJHKGFM_02431_1--NA-NA-cog0525_micro_clade2-NA-cog0525_nanotermes_clade2                63.67%    failed      0.19%
  96  272-04--48-Microcerotermes-Microcerotermes-papuanus-New-Guinea-Oceania--LLJHKGFM_21752_1--cog0525_micro_clade3-NA-NA-cog0525_nanotermes_clade1-NA                63.23%    passed     89.09%
  97  272-04--48-Microcerotermes-Microcerotermes-papuanus-New-Guinea-Oceania--LLJHKGFM_29808_1--NA-cog0525_micro_clade1-NA-NA-NA                                       63.35%    passed     14.08%
  98  272-04--48-Microcerotermes-Microcerotermes-papuanus-New-Guinea-Oceania--LLJHKGFM_41862_1--NA-cog0525_micro_clade1-NA-NA-NA                                       64.11%    passed     70.02%
  99  272-04--48-Microcerotermes-Microcerotermes-papuanus-New-Guinea-Oceania--LLJHKGFM_53904_1--NA-NA-cog0525_micro_clade2-NA-cog0525_nanotermes_clade2                61.82%    failed      0.15%
 100  272-04--48-Microcerotermes-Microcerotermes-papuanus-New-Guinea-Oceania--LLJHKGFM_67858_1--cog0525_micro_clade3-NA-NA-cog0525_nanotermes_clade1-NA                60.46%    failed      0.05%
 101  272-04--48-Microcerotermes-Microcerotermes-papuanus-New-Guinea-Oceania--LLJHKGFM_73236_1--NA-cog0525_micro_clade1-NA-NA-NA                                       64.27%    passed     41.30%
 102  272-05--71-Microcerotermes-Microcerotermes-papuanus-New-Guinea-Oceania--BHIIBGBD_16104_1--cog0525_micro_clade3-NA-NA-cog0525_nanotermes_clade1-NA                74.95%    passed     58.68%
 103  272-08--AUS117-Kalotermitidae-Cryptotermes_primus-Australia-Australia--FDEMHABG_43747_1--NA-NA-NA-NA-NA                                                          64.67%    failed      0.00%
 104  272-09--AUS13-Microcerotermes-Microcerotermes-sp-Australia-Australia--BFPCAFDI_02328_1--cog0525_micro_clade3-NA-NA-cog0525_nanotermes_clade1-NA                  64.71%    passed     39.99%
 105  272-09--AUS13-Microcerotermes-Microcerotermes-sp-Australia-Australia--BFPCAFDI_14139_1--cog0525_micro_clade3-NA-NA-cog0525_nanotermes_clade1-NA                  64.71%    passed     53.69%
 106  272-09--AUS13-Microcerotermes-Microcerotermes-sp-Australia-Australia--BFPCAFDI_19743_1--cog0525_micro_clade3-NA-NA-cog0525_nanotermes_clade1-NA                  64.67%    passed     12.23%
 107  272-100--THAI54-Microcerotermes-Microcerotermes-sp-A-Thailand-Oriental--COJKPCNP_13080_1--cog0525_micro_clade3-NA-NA-cog0525_nanotermes_clade1-NA                64.71%    passed      8.77%
 108  272-100--THAI54-Microcerotermes-Microcerotermes-sp-A-Thailand-Oriental--COJKPCNP_17720_1--cog0525_micro_clade3-NA-NA-cog0525_nanotermes_clade1-NA                63.83%    passed     45.90%
 109  272-100--THAI54-Microcerotermes-Microcerotermes-sp-A-Thailand-Oriental--COJKPCNP_34394_1--cog0525_micro_clade3-NA-NA-cog0525_nanotermes_clade1-NA                73.87%    passed     33.19%
 110  272-101--THAI055-Microcerotermes-Microcerotermes-sp-B-Thailand-Oriental--CKPDMAEN_04528_1--cog0525_micro_clade3-NA-NA-cog0525_nanotermes_clade1-NA               63.67%    passed     36.87%
 111  272-101--THAI055-Microcerotermes-Microcerotermes-sp-B-Thailand-Oriental--CKPDMAEN_06242_1--cog0525_micro_clade3-NA-NA-cog0525_nanotermes_clade1-NA               64.19%    passed     33.06%
 112  272-104--TP114A-Microcerotermes-Microcerotermes-sp-2-Malaysia-Oriental--NHIGIODF_13644_1--cog0525_micro_clade3-NA-NA-cog0525_nanotermes_clade1-NA                64.71%    passed      8.26%
 113  272-104--TP114A-Microcerotermes-Microcerotermes-sp-2-Malaysia-Oriental--NHIGIODF_29335_1--cog0525_micro_clade3-NA-NA-cog0525_nanotermes_clade1-NA                67.51%    failed      0.29%
 114  272-104--TP114A-Microcerotermes-Microcerotermes-sp-2-Malaysia-Oriental--NHIGIODF_43827_1--cog0525_micro_clade3-NA-NA-cog0525_nanotermes_clade1-NA                72.27%    passed     84.45%
 115  272-105--US10--Kalotermitidae-Incisitermes-snyderi-USA-Neo-arctic--GCONFNFJ_99624_1--NA-NA-NA-NA-NA                                                              69.07%    failed      0.00%
 116  272-10--AUS32-Microcerotermes-Microcerotermes-sp-Australia-Australia--PAINICOH_00059_1--cog0525_micro_clade3-NA-NA-cog0525_nanotermes_clade1-NA                  64.19%    passed     60.30%
 117  272-14--AUS71-Microcerotermes-Microcerotermes-sp-G-Australia-Australia--LAKMIEEK_06491_1--NA-NA-cog0525_micro_clade2-NA-cog0525_nanotermes_clade2                52.82%    failed      0.00%
 118  272-14--AUS71-Microcerotermes-Microcerotermes-sp-G-Australia-Australia--LAKMIEEK_13447_1--cog0525_micro_clade3-NA-NA-cog0525_nanotermes_clade1-NA                62.42%    failed      2.60%
 119  272-14--AUS71-Microcerotermes-Microcerotermes-sp-G-Australia-Australia--LAKMIEEK_14742_1--cog0525_micro_clade3-NA-NA-cog0525_nanotermes_clade1-NA                63.91%    failed      1.55%
 120  272-14--AUS71-Microcerotermes-Microcerotermes-sp-G-Australia-Australia--LAKMIEEK_16166_1--cog0525_micro_clade3-NA-NA-cog0525_nanotermes_clade1-NA                63.15%    failed      3.13%
 121  272-14--AUS71-Microcerotermes-Microcerotermes-sp-G-Australia-Australia--LAKMIEEK_20014_1--cog0525_micro_clade3-NA-NA-cog0525_nanotermes_clade1-NA                63.63%    passed     54.76%
 122  272-14--AUS71-Microcerotermes-Microcerotermes-sp-G-Australia-Australia--LAKMIEEK_20895_1--cog0525_micro_clade3-NA-NA-cog0525_nanotermes_clade1-NA                64.67%    failed      0.01%
 123  272-14--AUS71-Microcerotermes-Microcerotermes-sp-G-Australia-Australia--LAKMIEEK_48001_1--cog0525_micro_clade3-NA-NA-cog0525_nanotermes_clade1-NA                67.67%    passed      7.77%
 124  272-14--AUS71-Microcerotermes-Microcerotermes-sp-G-Australia-Australia--LAKMIEEK_57670_1--cog0525_micro_clade3-NA-NA-cog0525_nanotermes_clade1-NA                64.71%    passed     78.50%
 125  272-14--AUS71-Microcerotermes-Microcerotermes-sp-G-Australia-Australia--LAKMIEEK_61661_1--cog0525_micro_clade3-NA-NA-cog0525_nanotermes_clade1-NA                75.71%    passed      7.22%
 126  272-14--AUS71-Microcerotermes-Microcerotermes-sp-G-Australia-Australia--LAKMIEEK_70059_1--NA-NA-NA-NA-NA                                                         76.39%    passed     47.83%
 127  272-15--AUS82-Microcerotermes-Microcerotermes-sp-I-Australia-Australia--BIPLFEAP_05842_1--NA-NA-cog0525_micro_clade2-NA-cog0525_nanotermes_clade2                64.27%    failed      0.02%
 128  272-15--AUS82-Microcerotermes-Microcerotermes-sp-I-Australia-Australia--BIPLFEAP_08676_1--cog0525_micro_clade3-NA-NA-cog0525_nanotermes_clade1-NA                64.67%    passed      9.98%
 129  272-15--AUS82-Microcerotermes-Microcerotermes-sp-I-Australia-Australia--BIPLFEAP_109753_1--NA-NA-NA-NA-NA                                                        69.43%    failed      4.71%
 130  272-15--AUS82-Microcerotermes-Microcerotermes-sp-I-Australia-Australia--BIPLFEAP_19096_1--cog0525_micro_clade3-NA-NA-cog0525_nanotermes_clade1-NA                64.71%    passed     47.13%
 131  272-15--AUS82-Microcerotermes-Microcerotermes-sp-I-Australia-Australia--BIPLFEAP_22713_1--cog0525_micro_clade3-NA-NA-cog0525_nanotermes_clade1-NA                64.63%    passed     72.14%
 132  272-15--AUS82-Microcerotermes-Microcerotermes-sp-I-Australia-Australia--BIPLFEAP_29553_1--cog0525_micro_clade3-NA-NA-cog0525_nanotermes_clade1-NA                64.67%    passed      7.48%
 133  272-15--AUS82-Microcerotermes-Microcerotermes-sp-I-Australia-Australia--BIPLFEAP_34340_1--NA-NA-NA-NA-NA                                                         62.22%    passed     45.18%
 134  272-15--AUS82-Microcerotermes-Microcerotermes-sp-I-Australia-Australia--BIPLFEAP_40973_1--cog0525_micro_clade3-NA-NA-cog0525_nanotermes_clade1-NA                64.15%    failed      0.08%
 135  272-15--AUS82-Microcerotermes-Microcerotermes-sp-I-Australia-Australia--BIPLFEAP_65944_1--NA-NA-cog0525_micro_clade2-NA-cog0525_nanotermes_clade2                68.87%    failed      0.32%
 136  272-15--AUS82-Microcerotermes-Microcerotermes-sp-I-Australia-Australia--BIPLFEAP_78784_1--cog0525_micro_clade3-NA-NA-cog0525_nanotermes_clade1-NA                64.71%    passed     69.64%
 137  272-15--AUS82-Microcerotermes-Microcerotermes-sp-I-Australia-Australia--BIPLFEAP_79083_1--cog0525_micro_clade3-NA-NA-cog0525_nanotermes_clade1-NA                74.07%    passed     16.68%
 138  272-15--AUS82-Microcerotermes-Microcerotermes-sp-I-Australia-Australia--BIPLFEAP_98587_1--cog0525_micro_clade3-NA-NA-cog0525_nanotermes_clade1-NA                64.23%    passed      5.35%
 139  272-19--BDIT102-Microcerotermes-Microcerotermes-fuscotibialis-Burundi-Afro-tropical--CAECBDLP_00235_1--cog0525_micro_clade3-NA-NA-cog0525_nanotermes_clade1-NA   64.55%    failed      0.16%
 140  272-19--BDIT102-Microcerotermes-Microcerotermes-fuscotibialis-Burundi-Afro-tropical--CAECBDLP_12586_1--cog0525_micro_clade3-NA-NA-cog0525_nanotermes_clade1-NA   63.95%    passed     71.93%
 141  272-20--BDIT108_2-Foraminitermitinae-Foraminitermes-rhinoceros-Burundi-Afro-tropical--JNNAMOGA_40448_1--NA-NA-NA-NA-NA                                           66.91%    passed     10.05%
 142  272-21--BDIT041-Nasutitermitinae-Nasutitermes-Burundi-Afro-tropical--NDDLCCAA_19565_1--NA-NA-NA-NA-cog0525_nanotermes_clade2                                     63.19%    failed      4.47%
 143  272-21--BDIT041-Nasutitermitinae-Nasutitermes-Burundi-Afro-tropical--NDDLCCAA_43257_1--NA-NA-NA-NA-NA                                                            70.55%    passed     27.48%
 144  272-33--FG-ND02-38-Microcerotermes-Microcerotermes-sp-SA-French-Guiana-Neo-tropical--PJPNMPFH_11955_1--cog0525_micro_clade3-NA-NA-cog0525_nanotermes_clade1-NA   64.47%    passed     82.96%
 145  272-33--FG-ND02-38-Microcerotermes-Microcerotermes-sp-SA-French-Guiana-Neo-tropical--PJPNMPFH_17918_1--NA-cog0525_micro_clade1-NA-NA-NA                          64.23%    failed      0.00%
 146  272-33--FG-ND02-38-Microcerotermes-Microcerotermes-sp-SA-French-Guiana-Neo-tropical--PJPNMPFH_35676_1--cog0525_micro_clade3-NA-NA-cog0525_nanotermes_clade1-NA   64.51%    passed     10.97%
 147  272-33--FG-ND02-38-Microcerotermes-Microcerotermes-sp-SA-French-Guiana-Neo-tropical--PJPNMPFH_51961_1--NA-NA-cog0525_micro_clade2-NA-cog0525_nanotermes_clade2   70.43%    passed     46.52%
 148  272-33--FG-ND02-38-Microcerotermes-Microcerotermes-sp-SA-French-Guiana-Neo-tropical--PJPNMPFH_74698_1--NA-NA-cog0525_micro_clade2-NA-cog0525_nanotermes_clade2   69.87%    failed      2.19%
 149  272-34--FG-ND02-39-Microcerotermes-Microcerotermes-sp-SC-French-Guiana-Neo-tropical--JCIBENDC_05188_1--cog0525_micro_clade3-NA-NA-cog0525_nanotermes_clade1-NA   64.55%    failed      4.15%
 150  272-34--FG-ND02-39-Microcerotermes-Microcerotermes-sp-SC-French-Guiana-Neo-tropical--JCIBENDC_08626_1--cog0525_micro_clade3-NA-NA-cog0525_nanotermes_clade1-NA   64.43%    passed     67.11%
 151  272-34--FG-ND02-39-Microcerotermes-Microcerotermes-sp-SC-French-Guiana-Neo-tropical--JCIBENDC_13577_1--NA-cog0525_micro_clade1-NA-NA-NA                          64.35%    passed      9.46%
 152  272-34--FG-ND02-39-Microcerotermes-Microcerotermes-sp-SC-French-Guiana-Neo-tropical--JCIBENDC_20245_1--cog0525_micro_clade3-NA-NA-cog0525_nanotermes_clade1-NA   62.63%    passed     96.51%
 153  272-34--FG-ND02-39-Microcerotermes-Microcerotermes-sp-SC-French-Guiana-Neo-tropical--JCIBENDC_40072_1--cog0525_micro_clade3-NA-NA-cog0525_nanotermes_clade1-NA   73.59%    passed     55.98%
 154  272-34--FG-ND02-39-Microcerotermes-Microcerotermes-sp-SC-French-Guiana-Neo-tropical--JCIBENDC_43195_1--NA-NA-NA-NA-NA                                            64.07%    passed     25.47%
 155  272-34--FG-ND02-39-Microcerotermes-Microcerotermes-sp-SC-French-Guiana-Neo-tropical--JCIBENDC_52038_1--NA-NA-NA-NA-NA                                            61.18%    failed      0.00%
 156  272-39--G13-24-Termitinae-Cylindrotermes-French-Guiana-Neo-tropical--OBOEKFOA_03901_1--NA-NA-NA-cog0525_nanotermes_clade1-NA                                     64.07%    failed      0.01%
 157  272-39--G13-24-Termitinae-Cylindrotermes-French-Guiana-Neo-tropical--OBOEKFOA_04452_1--NA-NA-NA-NA-NA                                                            66.63%    failed      0.53%
 158  272-39--G13-24-Termitinae-Cylindrotermes-French-Guiana-Neo-tropical--OBOEKFOA_22226_1--NA-NA-NA-cog0525_nanotermes_clade1-NA                                     64.43%    failed      0.00%
 159  272-39--G13-24-Termitinae-Cylindrotermes-French-Guiana-Neo-tropical--OBOEKFOA_32922_1--NA-NA-NA-NA-cog0525_nanotermes_clade2                                     70.35%    failed      0.00%
 160  272-39--G13-24-Termitinae-Cylindrotermes-French-Guiana-Neo-tropical--OBOEKFOA_42283_1--NA-NA-NA-cog0525_nanotermes_clade1-NA                                     64.59%    failed      0.00%
 161  272-39--G13-24-Termitinae-Cylindrotermes-French-Guiana-Neo-tropical--OBOEKFOA_59593_1--NA-NA-NA-cog0525_nanotermes_clade1-NA                                     73.67%    failed      0.00%
 162  272-40--G13-30-Nasutitermitinae-Coatitermes-kartaboensis-French-Guiana-Neo-tropical--FGHEMLMB_02988_1--NA-NA-NA-cog0525_nanotermes_clade1-NA                     64.43%    failed      0.00%
 163  272-40--G13-30-Nasutitermitinae-Coatitermes-kartaboensis-French-Guiana-Neo-tropical--FGHEMLMB_04279_1--NA-NA-NA-cog0525_nanotermes_clade1-NA                     63.39%    failed      0.00%
 164  272-40--G13-30-Nasutitermitinae-Coatitermes-kartaboensis-French-Guiana-Neo-tropical--FGHEMLMB_08134_1--NA-NA-NA-cog0525_nanotermes_clade1-NA                     64.35%    failed      0.00%
 165  272-40--G13-30-Nasutitermitinae-Coatitermes-kartaboensis-French-Guiana-Neo-tropical--FGHEMLMB_08939_1--NA-NA-NA-cog0525_nanotermes_clade1-NA                     63.31%    failed      0.00%
 166  272-40--G13-30-Nasutitermitinae-Coatitermes-kartaboensis-French-Guiana-Neo-tropical--FGHEMLMB_10441_1--NA-NA-NA-NA-NA                                            63.71%    failed      0.64%
 167  272-42--G13-4-Apicotermitinae-Anoplotermes-parvus-French-Guiana-Neo-tropical--EIFINKID_01589_1--NA-NA-NA-NA-cog0525_nanotermes_clade2                            64.43%    failed      0.65%
 168  272-42--G13-4-Apicotermitinae-Anoplotermes-parvus-French-Guiana-Neo-tropical--EIFINKID_05619_1--NA-NA-NA-NA-cog0525_nanotermes_clade2                            75.95%    failed      2.28%
 169  272-45--G689-Microcerotermes-Microcerotermes-sp-French-Guiana-Neo-tropical--GMFGPJLH_00783_1--cog0525_micro_clade3-NA-NA-cog0525_nanotermes_clade1-NA            63.03%    passed     87.66%
 170  272-45--G689-Microcerotermes-Microcerotermes-sp-French-Guiana-Neo-tropical--GMFGPJLH_05280_1--NA-NA-cog0525_micro_clade2-NA-cog0525_nanotermes_clade2            63.07%    failed      0.01%
 171  272-45--G689-Microcerotermes-Microcerotermes-sp-French-Guiana-Neo-tropical--GMFGPJLH_14429_1--NA-cog0525_micro_clade1-NA-NA-NA                                   64.39%    passed     14.44%
 172  272-45--G689-Microcerotermes-Microcerotermes-sp-French-Guiana-Neo-tropical--GMFGPJLH_14575_1--cog0525_micro_clade3-NA-NA-cog0525_nanotermes_clade1-NA            64.51%    passed     65.88%
 173  272-45--G689-Microcerotermes-Microcerotermes-sp-French-Guiana-Neo-tropical--GMFGPJLH_17869_1--cog0525_micro_clade3-NA-NA-cog0525_nanotermes_clade1-NA            77.43%    passed     56.06%
 174  272-45--G689-Microcerotermes-Microcerotermes-sp-French-Guiana-Neo-tropical--GMFGPJLH_29885_1--cog0525_micro_clade3-NA-NA-cog0525_nanotermes_clade1-NA            64.39%    passed     67.59%
 175  272-45--G689-Microcerotermes-Microcerotermes-sp-French-Guiana-Neo-tropical--GMFGPJLH_34017_1--NA-cog0525_micro_clade1-NA-NA-NA                                   64.27%    failed      1.90%
 176  272-45--G689-Microcerotermes-Microcerotermes-sp-French-Guiana-Neo-tropical--GMFGPJLH_47381_1--NA-NA-NA-NA-NA                                                     62.59%    failed      0.24%
 177  272-45--G689-Microcerotermes-Microcerotermes-sp-French-Guiana-Neo-tropical--GMFGPJLH_50523_1--cog0525_micro_clade3-NA-NA-cog0525_nanotermes_clade1-NA            68.43%    passed     32.54%
 178  272-45--G689-Microcerotermes-Microcerotermes-sp-French-Guiana-Neo-tropical--GMFGPJLH_55724_1--NA-cog0525_micro_clade1-NA-NA-NA                                   72.47%    failed      0.01%
 179  272-45--G689-Microcerotermes-Microcerotermes-sp-French-Guiana-Neo-tropical--GMFGPJLH_57439_1--NA-cog0525_micro_clade1-NA-NA-NA                                   71.91%    passed      5.86%
 180  272-45--G689-Microcerotermes-Microcerotermes-sp-French-Guiana-Neo-tropical--GMFGPJLH_61210_1--cog0525_micro_clade3-NA-NA-cog0525_nanotermes_clade1-NA            70.67%    passed     66.43%
 181  272-46--G728-Nasutitermitinae-Agnathotermes-crassinasus-French-Guiana-Neo-tropical--MGHCOOPN_00381_1--NA-NA-NA-NA-cog0525_nanotermes_clade2                      62.87%    passed     33.00%
 182  272-46--G728-Nasutitermitinae-Agnathotermes-crassinasus-French-Guiana-Neo-tropical--MGHCOOPN_04964_1--NA-NA-NA-cog0525_nanotermes_clade1-NA                      63.27%    failed      0.00%
 183  272-46--G728-Nasutitermitinae-Agnathotermes-crassinasus-French-Guiana-Neo-tropical--MGHCOOPN_14298_1--NA-NA-NA-cog0525_nanotermes_clade1-NA                      64.35%    failed      0.00%
 184  272-50--KE15-44-Nasutitermitinae-Trinervitermes-gratiosus-Kenya-Afro-tropical--KCLNDEGO_07156_1--NA-NA-NA-cog0525_nanotermes_clade1-NA                           64.35%    failed      0.00%
 185  272-50--KE15-44-Nasutitermitinae-Trinervitermes-gratiosus-Kenya-Afro-tropical--KCLNDEGO_07725_1--NA-NA-NA-NA-cog0525_nanotermes_clade2                           63.59%    failed      0.37%
 186  272-50--KE15-44-Nasutitermitinae-Trinervitermes-gratiosus-Kenya-Afro-tropical--KCLNDEGO_29068_1--NA-NA-NA-NA-cog0525_nanotermes_clade2                           62.51%    passed      5.03%
 187  272-51--M16-Kalotermitidae-Tauritermes-Argentina-Neo-tropical--KFAHJGMF_03123_1--NA-NA-NA-NA-NA                                                                  64.23%    failed      0.00%
 188  272-52--MAD15-104-Microcerotermes-Microcerotermes-mad-sp-C-Madagascar-Madagascar--JEOFLHGI_00747_1--cog0525_micro_clade3-NA-NA-cog0525_nanotermes_clade1-NA      63.07%    passed     22.48%
 189  272-52--MAD15-104-Microcerotermes-Microcerotermes-mad-sp-C-Madagascar-Madagascar--JEOFLHGI_06098_1--NA-NA-NA-NA-NA                                               63.75%    passed     18.76%
 190  272-52--MAD15-104-Microcerotermes-Microcerotermes-mad-sp-C-Madagascar-Madagascar--JEOFLHGI_06292_1--cog0525_micro_clade3-NA-NA-cog0525_nanotermes_clade1-NA      64.39%    failed      0.05%
 191  272-52--MAD15-104-Microcerotermes-Microcerotermes-mad-sp-C-Madagascar-Madagascar--JEOFLHGI_06655_1--cog0525_micro_clade3-NA-NA-cog0525_nanotermes_clade1-NA      64.51%    failed      0.01%
 192  272-52--MAD15-104-Microcerotermes-Microcerotermes-mad-sp-C-Madagascar-Madagascar--JEOFLHGI_34252_1--cog0525_micro_clade3-NA-NA-cog0525_nanotermes_clade1-NA      80.91%    passed     55.59%
 193  272-53--MAD15-113-Microcerotermes-Microcerotermes-mad-sp-G-Madagascar-Madagascar--IKDIKFDP_06783_1--cog0525_micro_clade3-NA-NA-cog0525_nanotermes_clade1-NA      63.11%    passed     75.39%
 194  272-53--MAD15-113-Microcerotermes-Microcerotermes-mad-sp-G-Madagascar-Madagascar--IKDIKFDP_07117_1--cog0525_micro_clade3-NA-NA-cog0525_nanotermes_clade1-NA      64.35%    failed      0.08%
 195  272-53--MAD15-113-Microcerotermes-Microcerotermes-mad-sp-G-Madagascar-Madagascar--IKDIKFDP_19555_1--cog0525_micro_clade3-NA-NA-cog0525_nanotermes_clade1-NA      63.79%    failed      0.02%
 196  272-53--MAD15-113-Microcerotermes-Microcerotermes-mad-sp-G-Madagascar-Madagascar--IKDIKFDP_22732_1--cog0525_micro_clade3-NA-NA-cog0525_nanotermes_clade1-NA      70.59%    failed      0.00%
 197  272-54--MAD15-130-Microcerotermes-Microcerotermes-mad-sp-B-Madagascar-Madagascar--DFAMJLME_05704_1--cog0525_micro_clade3-NA-NA-cog0525_nanotermes_clade1-NA      64.71%    passed     81.37%
 198  272-54--MAD15-130-Microcerotermes-Microcerotermes-mad-sp-B-Madagascar-Madagascar--DFAMJLME_07424_1--cog0525_micro_clade3-NA-NA-cog0525_nanotermes_clade1-NA      64.39%    failed      0.02%
 199  272-54--MAD15-130-Microcerotermes-Microcerotermes-mad-sp-B-Madagascar-Madagascar--DFAMJLME_08469_1--cog0525_micro_clade3-NA-NA-cog0525_nanotermes_clade1-NA      64.55%    failed      0.44%
 200  272-54--MAD15-130-Microcerotermes-Microcerotermes-mad-sp-B-Madagascar-Madagascar--DFAMJLME_26201_1--cog0525_micro_clade3-NA-NA-cog0525_nanotermes_clade1-NA      64.71%    failed      0.00%
 201  272-54--MAD15-130-Microcerotermes-Microcerotermes-mad-sp-B-Madagascar-Madagascar--DFAMJLME_38248_1--cog0525_micro_clade3-NA-NA-cog0525_nanotermes_clade1-NA      67.63%    failed      1.82%
 202  272-54--MAD15-130-Microcerotermes-Microcerotermes-mad-sp-B-Madagascar-Madagascar--DFAMJLME_43010_1--NA-cog0525_micro_clade1-NA-NA-NA                             71.71%    passed     53.63%
 203  272-54--MAD15-130-Microcerotermes-Microcerotermes-mad-sp-B-Madagascar-Madagascar--DFAMJLME_56216_1--NA-cog0525_micro_clade1-NA-NA-NA                             70.03%    passed      5.11%
 204  272-55--MAD15-136-Microcerotermes-Microcerotermes-mad-sp-G-Madagascar-Madagascar--IGAGHHBI_02091_1--NA-NA-cog0525_micro_clade2-NA-cog0525_nanotermes_clade2      61.70%    failed      0.00%
 205  272-55--MAD15-136-Microcerotermes-Microcerotermes-mad-sp-G-Madagascar-Madagascar--IGAGHHBI_08933_1--cog0525_micro_clade3-NA-NA-cog0525_nanotermes_clade1-NA      64.63%    passed     46.43%
 206  272-55--MAD15-136-Microcerotermes-Microcerotermes-mad-sp-G-Madagascar-Madagascar--IGAGHHBI_10753_1--cog0525_micro_clade3-NA-NA-cog0525_nanotermes_clade1-NA      64.19%    failed      0.01%
 207  272-55--MAD15-136-Microcerotermes-Microcerotermes-mad-sp-G-Madagascar-Madagascar--IGAGHHBI_14559_1--NA-NA-cog0525_micro_clade2-NA-cog0525_nanotermes_clade2      64.15%    failed      0.05%
 208  272-55--MAD15-136-Microcerotermes-Microcerotermes-mad-sp-G-Madagascar-Madagascar--IGAGHHBI_16784_1--cog0525_micro_clade3-NA-NA-cog0525_nanotermes_clade1-NA      66.51%    failed      0.00%
 209  272-55--MAD15-136-Microcerotermes-Microcerotermes-mad-sp-G-Madagascar-Madagascar--IGAGHHBI_24177_1--cog0525_micro_clade3-NA-NA-cog0525_nanotermes_clade1-NA      63.96%    failed      0.01%
 210  272-56--MAD15-139-Microcerotermes-Microcerotermes-mad-sp-L-Madagascar-Madagascar--DPIGOLHB_01376_1--cog0525_micro_clade3-NA-NA-cog0525_nanotermes_clade1-NA      62.95%    passed     60.57%
 211  272-56--MAD15-139-Microcerotermes-Microcerotermes-mad-sp-L-Madagascar-Madagascar--DPIGOLHB_03474_1--cog0525_micro_clade3-NA-NA-cog0525_nanotermes_clade1-NA      64.71%    passed     93.86%
 212  272-56--MAD15-139-Microcerotermes-Microcerotermes-mad-sp-L-Madagascar-Madagascar--DPIGOLHB_24313_1--cog0525_micro_clade3-NA-NA-cog0525_nanotermes_clade1-NA      76.15%    passed     13.69%
 213  272-57--MAD15-148-Microcerotermes-Microcerotermes-mad-sp-F-Madagascar-Madagascar--HPMPMEPI_06147_1--cog0525_micro_clade3-NA-NA-cog0525_nanotermes_clade1-NA      64.59%    passed     50.75%
 214  272-57--MAD15-148-Microcerotermes-Microcerotermes-mad-sp-F-Madagascar-Madagascar--HPMPMEPI_06291_1--NA-NA-cog0525_micro_clade2-NA-cog0525_nanotermes_clade2      63.27%    failed      3.66%
 215  272-57--MAD15-148-Microcerotermes-Microcerotermes-mad-sp-F-Madagascar-Madagascar--HPMPMEPI_07978_1--cog0525_micro_clade3-NA-NA-cog0525_nanotermes_clade1-NA      63.43%    passed     65.58%
 216  272-57--MAD15-148-Microcerotermes-Microcerotermes-mad-sp-F-Madagascar-Madagascar--HPMPMEPI_13725_1--cog0525_micro_clade3-NA-NA-cog0525_nanotermes_clade1-NA      63.39%    passed     90.83%
 217  272-57--MAD15-148-Microcerotermes-Microcerotermes-mad-sp-F-Madagascar-Madagascar--HPMPMEPI_24056_1--cog0525_micro_clade3-NA-NA-cog0525_nanotermes_clade1-NA      67.15%    passed     76.83%
 218  272-58--MAD15-151-Microcerotermes-Microcerotermes-mad-sp-M-Madagascar-Madagascar--CNFKDAJD_06856_1--cog0525_micro_clade3-NA-NA-cog0525_nanotermes_clade1-NA      63.03%    passed     44.28%
 219  272-58--MAD15-151-Microcerotermes-Microcerotermes-mad-sp-M-Madagascar-Madagascar--CNFKDAJD_08637_1--cog0525_micro_clade3-NA-NA-cog0525_nanotermes_clade1-NA      64.63%    passed     49.53%
 220  272-58--MAD15-151-Microcerotermes-Microcerotermes-mad-sp-M-Madagascar-Madagascar--CNFKDAJD_28152_1--cog0525_micro_clade3-NA-NA-cog0525_nanotermes_clade1-NA      64.63%    failed      3.61%
 221  272-59--MAD15-169-Microcerotermes-Microcerotermes-mad-sp-D-Madagascar-Madagascar--BCNOAGMG_07032_1--cog0525_micro_clade3-NA-NA-cog0525_nanotermes_clade1-NA      64.63%    passed     33.11%
 222  272-59--MAD15-169-Microcerotermes-Microcerotermes-mad-sp-D-Madagascar-Madagascar--BCNOAGMG_09521_1--NA-NA-NA-NA-NA                                               65.79%    passed     19.21%
 223  272-59--MAD15-169-Microcerotermes-Microcerotermes-mad-sp-D-Madagascar-Madagascar--BCNOAGMG_34046_1--cog0525_micro_clade3-NA-NA-cog0525_nanotermes_clade1-NA      74.35%    passed     10.39%
 224  272-59--MAD15-169-Microcerotermes-Microcerotermes-mad-sp-D-Madagascar-Madagascar--BCNOAGMG_45502_1--NA-cog0525_micro_clade1-NA-NA-NA                             74.39%    passed     11.37%
 225  272-60--MAD15-21-Microcerotermes-Microcerotermes-mad-sp-D-Madagascar-Madagascar--ANILOFPC_08127_1--cog0525_micro_clade3-NA-NA-cog0525_nanotermes_clade1-NA       64.59%    passed     80.12%
 226  272-60--MAD15-21-Microcerotermes-Microcerotermes-mad-sp-D-Madagascar-Madagascar--ANILOFPC_12487_1--cog0525_micro_clade3-NA-NA-cog0525_nanotermes_clade1-NA       73.75%    passed     43.71%
 227  272-61--MAD15-2-Kalotermitidae-Bifiditermes-Madagascar-Madagascar--CIMHPALE_11231_1--NA-NA-NA-NA-NA                                                              63.71%    failed      0.21%
 228  272-61--MAD15-2-Kalotermitidae-Bifiditermes-Madagascar-Madagascar--CIMHPALE_37014_1--NA-NA-NA-NA-NA                                                              66.43%    failed      0.00%
 229  272-62--MAD15-59-Microcerotermes-Microcerotermes-mad-sp-F-Madagascar-Madagascar--PGAOBEJB_10689_1--cog0525_micro_clade3-NA-NA-cog0525_nanotermes_clade1-NA       63.23%    passed     93.03%
 230  272-62--MAD15-59-Microcerotermes-Microcerotermes-mad-sp-F-Madagascar-Madagascar--PGAOBEJB_12968_1--NA-NA-NA-NA-NA                                                73.27%    passed     70.19%
 231  272-63--MAD15-5-Microcerotermes-Microcerotermes-mad-sp-E-Madagascar-Madagascar--LHGCDBLG_03876_1--cog0525_micro_clade3-NA-NA-cog0525_nanotermes_clade1-NA        62.91%    passed     42.95%
 232  272-64--MAD15-62-Microcerotermes-Microcerotermes-mad-sp-F-Madagascar-Madagascar--PHHMBOPJ_02599_1--NA-NA-NA-NA-NA                                                61.46%    passed     13.82%
 233  272-64--MAD15-62-Microcerotermes-Microcerotermes-mad-sp-F-Madagascar-Madagascar--PHHMBOPJ_10194_1--cog0525_micro_clade3-NA-NA-cog0525_nanotermes_clade1-NA       64.51%    passed     59.81%
 234  272-64--MAD15-62-Microcerotermes-Microcerotermes-mad-sp-F-Madagascar-Madagascar--PHHMBOPJ_28503_1--NA-NA-cog0525_micro_clade2-NA-cog0525_nanotermes_clade2       78.31%    passed      9.67%
 235  272-66--MAD15-76-Microcerotermes-Microcerotermes-mad-sp-G-Madagascar-Madagascar--BKGPDEIL_03316_1--cog0525_micro_clade3-NA-NA-cog0525_nanotermes_clade1-NA       63.99%    passed     74.18%
 236  272-66--MAD15-76-Microcerotermes-Microcerotermes-mad-sp-G-Madagascar-Madagascar--BKGPDEIL_06142_1--cog0525_micro_clade3-NA-NA-cog0525_nanotermes_clade1-NA       64.59%    passed     75.58%
 237  272-67--MAD15-85-Microcerotermes-Microcerotermes-mad-sp-A-Madagascar-Madagascar--FFCMJAEF_05372_1--NA-NA-cog0525_micro_clade2-NA-cog0525_nanotermes_clade2       70.31%    failed      0.23%
 238  272-67--MAD15-85-Microcerotermes-Microcerotermes-mad-sp-A-Madagascar-Madagascar--FFCMJAEF_29331_1--cog0525_micro_clade3-NA-NA-cog0525_nanotermes_clade1-NA       73.95%    passed     74.02%
 239  272-68--MAD15-86-Microcerotermes-Microcerotermes-mad-sp-K-Madagascar-Madagascar--PDAPIIEL_02679_1--cog0525_micro_clade3-NA-NA-cog0525_nanotermes_clade1-NA       64.51%    passed     71.17%
 240  272-68--MAD15-86-Microcerotermes-Microcerotermes-mad-sp-K-Madagascar-Madagascar--PDAPIIEL_06451_1--cog0525_micro_clade3-NA-NA-cog0525_nanotermes_clade1-NA       64.59%    passed     77.00%
 241  272-68--MAD15-86-Microcerotermes-Microcerotermes-mad-sp-K-Madagascar-Madagascar--PDAPIIEL_07369_1--cog0525_micro_clade3-NA-NA-cog0525_nanotermes_clade1-NA       64.59%    failed      0.03%
 242  272-68--MAD15-86-Microcerotermes-Microcerotermes-mad-sp-K-Madagascar-Madagascar--PDAPIIEL_18601_1--NA-NA-cog0525_micro_clade2-NA-cog0525_nanotermes_clade2       75.43%    failed      0.03%
 243  272-68--MAD15-86-Microcerotermes-Microcerotermes-mad-sp-K-Madagascar-Madagascar--PDAPIIEL_21912_1--NA-NA-NA-NA-cog0525_nanotermes_clade2                         64.03%    failed      0.00%
 244  272-70--MAL37-Microcerotermes-Microcerotermes-crassus-Malaysia-Oriental--ILALFPAC_05184_1--NA-NA-cog0525_micro_clade2-NA-cog0525_nanotermes_clade2               56.58%    passed     12.70%
 245  272-70--MAL37-Microcerotermes-Microcerotermes-crassus-Malaysia-Oriental--ILALFPAC_07914_1--cog0525_micro_clade3-NA-NA-cog0525_nanotermes_clade1-NA               63.91%    passed     73.85%
 246  272-70--MAL37-Microcerotermes-Microcerotermes-crassus-Malaysia-Oriental--ILALFPAC_26299_1--cog0525_micro_clade3-NA-NA-cog0525_nanotermes_clade1-NA               64.28%    passed     62.55%
 247  272-70--MAL37-Microcerotermes-Microcerotermes-crassus-Malaysia-Oriental--ILALFPAC_61946_1--NA-NA-NA-NA-NA                                                        65.43%    passed     19.74%
 248  272-70--MAL37-Microcerotermes-Microcerotermes-crassus-Malaysia-Oriental--ILALFPAC_76629_1--NA-NA-cog0525_micro_clade2-NA-cog0525_nanotermes_clade2               77.15%    passed     16.81%
 249  272-71--MAL39-Kalotermitidae-Cryptotermes-Malaysia-Oriental--BFECDBHH_25502_1--NA-NA-NA-NA-NA                                                                    63.43%    failed      0.00%
 250  272-71--MAL39-Kalotermitidae-Cryptotermes-Malaysia-Oriental--BFECDBHH_28407_1--NA-NA-NA-NA-NA                                                                    76.11%    failed      0.14%
 251  272-71--MAL39-Kalotermitidae-Cryptotermes-Malaysia-Oriental--BFECDBHH_33723_1--NA-NA-NA-NA-NA                                                                    65.03%    failed      0.00%
 252  272-71--MAL39-Kalotermitidae-Cryptotermes-Malaysia-Oriental--BFECDBHH_42793_1--NA-NA-NA-NA-NA                                                                    65.87%    failed      1.09%
 253  272-75--PHI1-Microcerotermes-Microcerotermes-Philippines-Oriental--EFHMCDAH_10703_1--cog0525_micro_clade3-NA-NA-cog0525_nanotermes_clade1-NA                     63.67%    passed     56.91%
 254  272-75--PHI1-Microcerotermes-Microcerotermes-Philippines-Oriental--EFHMCDAH_12230_1--cog0525_micro_clade3-NA-NA-cog0525_nanotermes_clade1-NA                     64.63%    failed      0.09%
 255  272-75--PHI1-Microcerotermes-Microcerotermes-Philippines-Oriental--EFHMCDAH_16446_1--cog0525_micro_clade3-NA-NA-cog0525_nanotermes_clade1-NA                     69.35%    passed      8.14%
 256  272-75--PHI1-Microcerotermes-Microcerotermes-Philippines-Oriental--EFHMCDAH_20289_1--cog0525_micro_clade3-NA-NA-cog0525_nanotermes_clade1-NA                     77.47%    passed     17.39%
 257  272-75--PHI1-Microcerotermes-Microcerotermes-Philippines-Oriental--EFHMCDAH_38430_1--cog0525_micro_clade3-NA-NA-cog0525_nanotermes_clade1-NA                     64.24%    passed     45.16%
 258  272-75--PHI1-Microcerotermes-Microcerotermes-Philippines-Oriental--EFHMCDAH_47391_1--NA-cog0525_micro_clade1-NA-NA-NA                                            63.67%    passed     21.53%
 259  272-77--RDCT033-Microcerotermes-Microcerotermes-fuscotibialis-Congo-Afro-tropical--POOGOANK_06469_1--cog0525_micro_clade3-NA-NA-cog0525_nanotermes_clade1-NA     64.51%    passed     18.01%
 260  272-77--RDCT033-Microcerotermes-Microcerotermes-fuscotibialis-Congo-Afro-tropical--POOGOANK_09787_1--NA-NA-cog0525_micro_clade2-NA-cog0525_nanotermes_clade2     62.71%    failed      0.42%
 261  272-77--RDCT033-Microcerotermes-Microcerotermes-fuscotibialis-Congo-Afro-tropical--POOGOANK_18626_1--cog0525_micro_clade3-NA-NA-cog0525_nanotermes_clade1-NA     70.39%    passed     38.80%
 262  272-77--RDCT033-Microcerotermes-Microcerotermes-fuscotibialis-Congo-Afro-tropical--POOGOANK_22860_1--NA-cog0525_micro_clade1-NA-NA-NA                            64.39%    failed      0.26%
 263  272-79--RDCT053-Microcerotermes-Microcerotermes-parvus-Congo-Afro-tropical--HDFGGIOE_25866_1--cog0525_micro_clade3-NA-NA-cog0525_nanotermes_clade1-NA            75.43%    failed      0.34%
 264  272-82--RDCT106-Nasutitermitinae-Nasutitermes_lujae-Congo-Afro-tropical--LMFHLHNK_06738_1--NA-NA-NA-cog0525_nanotermes_clade1-NA                                 63.99%    failed      0.02%
 265  272-84--RDCT119-Microcerotermes-Microcerotermes-parvus-Congo-Afro-tropical--HFABNABN_00303_1--NA-NA-cog0525_micro_clade2-NA-cog0525_nanotermes_clade2            61.70%    failed      0.14%
 266  272-84--RDCT119-Microcerotermes-Microcerotermes-parvus-Congo-Afro-tropical--HFABNABN_14659_1--cog0525_micro_clade3-NA-NA-cog0525_nanotermes_clade1-NA            64.15%    passed     75.84%
 267  272-84--RDCT119-Microcerotermes-Microcerotermes-parvus-Congo-Afro-tropical--HFABNABN_16835_1--cog0525_micro_clade3-NA-NA-cog0525_nanotermes_clade1-NA            63.71%    failed      2.82%
 268  272-84--RDCT119-Microcerotermes-Microcerotermes-parvus-Congo-Afro-tropical--HFABNABN_23424_1--cog0525_micro_clade3-NA-NA-cog0525_nanotermes_clade1-NA            64.59%    passed     34.29%
 269  272-84--RDCT119-Microcerotermes-Microcerotermes-parvus-Congo-Afro-tropical--HFABNABN_23687_1--cog0525_micro_clade3-NA-NA-cog0525_nanotermes_clade1-NA            64.19%    passed     50.16%
 270  272-84--RDCT119-Microcerotermes-Microcerotermes-parvus-Congo-Afro-tropical--HFABNABN_36690_1--cog0525_micro_clade3-NA-NA-cog0525_nanotermes_clade1-NA            70.67%    passed     39.91%
 271  272-84--RDCT119-Microcerotermes-Microcerotermes-parvus-Congo-Afro-tropical--HFABNABN_38501_1--cog0525_micro_clade3-NA-NA-cog0525_nanotermes_clade1-NA            64.39%    passed     31.78%
 272  272-84--RDCT119-Microcerotermes-Microcerotermes-parvus-Congo-Afro-tropical--HFABNABN_46858_1--NA-NA-cog0525_micro_clade2-NA-cog0525_nanotermes_clade2            63.23%    failed      0.19%
 273  272-84--RDCT119-Microcerotermes-Microcerotermes-parvus-Congo-Afro-tropical--HFABNABN_67103_1--cog0525_micro_clade3-NA-NA-cog0525_nanotermes_clade1-NA            72.27%    passed     32.48%
 274  272-84--RDCT119-Microcerotermes-Microcerotermes-parvus-Congo-Afro-tropical--HFABNABN_81790_1--NA-cog0525_micro_clade1-NA-NA-NA                                   71.27%    passed     11.39%
 275  272-85--RDCT134-Microcerotermes-Microcerotermes-parvus-Congo-Afro-tropical--IJFECECG_00867_1--cog0525_micro_clade3-NA-NA-cog0525_nanotermes_clade1-NA            62.46%    passed     32.05%
 276  272-85--RDCT134-Microcerotermes-Microcerotermes-parvus-Congo-Afro-tropical--IJFECECG_04494_1--NA-NA-cog0525_micro_clade2-NA-cog0525_nanotermes_clade2            63.19%    failed      2.65%
 277  272-85--RDCT134-Microcerotermes-Microcerotermes-parvus-Congo-Afro-tropical--IJFECECG_08371_1--cog0525_micro_clade3-NA-NA-cog0525_nanotermes_clade1-NA            62.46%    failed      0.21%
 278  272-85--RDCT134-Microcerotermes-Microcerotermes-parvus-Congo-Afro-tropical--IJFECECG_12062_1--cog0525_micro_clade3-NA-NA-cog0525_nanotermes_clade1-NA            64.59%    passed     36.34%
 279  272-85--RDCT134-Microcerotermes-Microcerotermes-parvus-Congo-Afro-tropical--IJFECECG_18028_1--cog0525_micro_clade3-NA-NA-cog0525_nanotermes_clade1-NA            63.43%    failed      0.42%
 280  272-85--RDCT134-Microcerotermes-Microcerotermes-parvus-Congo-Afro-tropical--IJFECECG_27598_1--NA-NA-NA-NA-NA                                                     64.79%    passed     62.30%
 281  272-86--RDCT180-Termitinae-Cephalotermes-Congo-Afro-tropical--MFLDAJAL_04266_1--NA-NA-NA-NA-cog0525_nanotermes_clade2                                            64.51%    passed     47.04%
 282  272-86--RDCT180-Termitinae-Cephalotermes-Congo-Afro-tropical--MFLDAJAL_08027_1--NA-NA-NA-NA-NA                                                                   63.79%    passed     31.28%
 283  272-86--RDCT180-Termitinae-Cephalotermes-Congo-Afro-tropical--MFLDAJAL_08402_1--NA-NA-NA-NA-cog0525_nanotermes_clade2                                            63.91%    passed     29.07%
 284  272-86--RDCT180-Termitinae-Cephalotermes-Congo-Afro-tropical--MFLDAJAL_13998_1--NA-NA-NA-NA-NA                                                                   64.31%    failed      1.29%
 285  272-86--RDCT180-Termitinae-Cephalotermes-Congo-Afro-tropical--MFLDAJAL_21052_1--NA-NA-NA-NA-cog0525_nanotermes_clade2                                            72.55%    passed     89.40%
 286  272-86--RDCT180-Termitinae-Cephalotermes-Congo-Afro-tropical--MFLDAJAL_24108_1--NA-NA-NA-NA-cog0525_nanotermes_clade2                                            64.23%    passed     16.69%
 287  272-86--RDCT180-Termitinae-Cephalotermes-Congo-Afro-tropical--MFLDAJAL_27937_1--NA-NA-NA-NA-cog0525_nanotermes_clade2                                            64.03%    passed     29.21%
 288  272-86--RDCT180-Termitinae-Cephalotermes-Congo-Afro-tropical--MFLDAJAL_33466_1--NA-NA-NA-NA-NA                                                                   70.39%    passed     47.76%
 289  272-86--RDCT180-Termitinae-Cephalotermes-Congo-Afro-tropical--MFLDAJAL_39851_1--NA-NA-NA-NA-cog0525_nanotermes_clade2                                            64.47%    passed     71.64%
 290  272-87--SAF5-Macrotermitinae-Allodontotermes-schultzei-South-Africa-Afro-tropical--GBGDJPGA_79793_1--NA-NA-NA-NA-cog0525_nanotermes_clade2                       63.27%    failed      0.06%
 291  272-89--T2-IC-Microcerotermes-Microcerotermes-havilandi-Singapore-Oriental--OCBKEODD_06006_1--cog0525_micro_clade3-NA-NA-cog0525_nanotermes_clade1-NA            64.15%    passed     27.00%
 292  272-91--T614-Microcerotermes-Microcerotermes-Singapore-Oriental--ECJLCPLO_15081_1--NA-NA-cog0525_micro_clade2-NA-cog0525_nanotermes_clade2                       75.11%    passed     57.09%
 293  272-91--T614-Microcerotermes-Microcerotermes-Singapore-Oriental--ECJLCPLO_31098_1--cog0525_micro_clade3-NA-NA-cog0525_nanotermes_clade1-NA                       74.83%    failed      0.24%
 294  272-91--T614-Microcerotermes-Microcerotermes-Singapore-Oriental--ECJLCPLO_62410_1--cog0525_micro_clade3-NA-NA-cog0525_nanotermes_clade1-NA                       80.67%    passed     74.46%
 295  272-93--TBRU711D-Termitinae-Orientotermes-Brunei-Oriental--OAMOGONE_13204_1--NA-NA-NA-cog0525_nanotermes_clade1-NA                                               69.79%    failed      0.23%
 296  272-93--TBRU711D-Termitinae-Orientotermes-Brunei-Oriental--OAMOGONE_14260_1--NA-NA-NA-NA-NA                                                                      62.63%    passed     92.68%
 297  272-95--TBRU912E-Microcerotermes-Microcerotermes-serrula-Brunei-Oriental--MIGHMNII_04915_1--cog0525_micro_clade3-NA-NA-cog0525_nanotermes_clade1-NA              64.47%    passed     54.74%
 298  272-95--TBRU912E-Microcerotermes-Microcerotermes-serrula-Brunei-Oriental--MIGHMNII_06136_1--cog0525_micro_clade3-NA-NA-cog0525_nanotermes_clade1-NA              64.71%    passed      5.14%
 299  272-95--TBRU912E-Microcerotermes-Microcerotermes-serrula-Brunei-Oriental--MIGHMNII_40019_1--cog0525_micro_clade3-NA-NA-cog0525_nanotermes_clade1-NA              79.51%    passed     39.09%
 300  272-95--TBRU912E-Microcerotermes-Microcerotermes-serrula-Brunei-Oriental--MIGHMNII_61513_1--NA-NA-cog0525_micro_clade2-NA-cog0525_nanotermes_clade2              76.95%    passed     74.90%
 301  272-96--THAI112-Kalotermitidae-Glyptotermes-Thailand-Oriental--IHGGMPML_00096_1--NA-NA-NA-NA-NA                                                                  64.51%    failed      3.61%
 302  272-96--THAI112-Kalotermitidae-Glyptotermes-Thailand-Oriental--IHGGMPML_115543_1--NA-NA-NA-NA-NA                                                                 77.11%    failed      0.00%
 303  272-97--THAI114-Kalotermitidae-Glyptotermes-sp-1-Thailand-Oriental--KMAIAPKH_06830_1--NA-NA-NA-NA-NA                                                             73.63%    failed      0.07%
 304  301-07--69-Nasutitermitinae-Nasutitermes-bikpelanus-New-Guinea-Oceania--NMAGJELM_05224_1--NA-NA-NA-cog0525_nanotermes_clade1-NA                                  64.51%    passed     44.31%
 305  301-07--69-Nasutitermitinae-Nasutitermes-bikpelanus-New-Guinea-Oceania--NMAGJELM_05514_1--NA-NA-NA-NA-NA                                                         64.19%    failed      0.11%
 306  301-08--81-2-Termitinae-Microcerotermes-papuanus-New-Guinea-Oceania--LIMPOKBC_05008_1--NA-NA-cog0525_micro_clade2-NA-cog0525_nanotermes_clade2                   66.91%    passed      5.38%
 307  301-08--81-2-Termitinae-Microcerotermes-papuanus-New-Guinea-Oceania--LIMPOKBC_08735_1--cog0525_micro_clade3-NA-NA-cog0525_nanotermes_clade1-NA                   64.75%    passed     23.65%
 308  301-08--81-2-Termitinae-Microcerotermes-papuanus-New-Guinea-Oceania--LIMPOKBC_10230_1--cog0525_micro_clade3-NA-NA-cog0525_nanotermes_clade1-NA                   63.75%    passed     24.72%
 309  301-08--81-2-Termitinae-Microcerotermes-papuanus-New-Guinea-Oceania--LIMPOKBC_13715_1--cog0525_micro_clade3-NA-NA-cog0525_nanotermes_clade1-NA                   70.15%    passed     17.64%
 310  301-08--81-2-Termitinae-Microcerotermes-papuanus-New-Guinea-Oceania--LIMPOKBC_14732_1--cog0525_micro_clade3-NA-NA-cog0525_nanotermes_clade1-NA                   64.51%    passed     20.13%
 311  301-08--81-2-Termitinae-Microcerotermes-papuanus-New-Guinea-Oceania--LIMPOKBC_20324_1--cog0525_micro_clade3-NA-NA-cog0525_nanotermes_clade1-NA                   69.71%    failed      2.11%
 312  301-08--81-2-Termitinae-Microcerotermes-papuanus-New-Guinea-Oceania--LIMPOKBC_20863_1--cog0525_micro_clade3-NA-NA-cog0525_nanotermes_clade1-NA                   64.51%    failed      0.00%
 313  301-09--87-Rhinotermitidae-Coptotermes-elisae-New-Guinea-Oceania--JKACBIPN_03461_1--NA-NA-NA-NA-NA                                                               43.42%    failed      0.01%
 314  301-10--AUS102-Kalotermitidae-Kalotermitidae-sp-H-Australia-Australia--LHGJOAKM_07209_1--NA-NA-NA-NA-NA                                                          64.51%    failed      0.03%
 315  301-10--AUS102-Kalotermitidae-Kalotermitidae-sp-H-Australia-Australia--LHGJOAKM_11268_1--NA-NA-NA-NA-NA                                                          76.99%    failed      0.03%
 316  301-10--AUS102-Kalotermitidae-Kalotermitidae-sp-H-Australia-Australia--LHGJOAKM_12036_1--NA-NA-NA-NA-NA                                                          66.63%    failed      0.00%
 317  301-11--AUS114-Microcerotermes-Microcerotermes-sp-H-Australia-Australia--EOGHOPED_10454_1--NA-NA-cog0525_micro_clade2-NA-cog0525_nanotermes_clade2               63.55%    failed      1.31%
 318  301-13--NG45_10k-Termitinae-Pericapritermes_parvus-NewGuinea-Oceania--BKAMCJMF_12958_1--NA-NA-NA-NA-cog0525_nanotermes_clade2                                    62.67%    failed      0.00%
 319  301-13--NG45_10k-Termitinae-Pericapritermes_parvus-NewGuinea-Oceania--BKAMCJMF_21764_1--NA-NA-NA-NA-NA                                                           71.79%    failed      0.19%
 320  301-14--AUS49-Nasutitermitinae-Nasutitermes-sp-G-Australia-Australia--KHIKJGJF_00848_1--NA-NA-NA-NA-NA                                                           64.63%    failed      0.00%
 321  301-14--AUS49-Nasutitermitinae-Nasutitermes-sp-G-Australia-Australia--KHIKJGJF_01460_1--NA-NA-NA-NA-NA                                                           64.11%    failed      0.00%
 322  301-14--AUS49-Nasutitermitinae-Nasutitermes-sp-G-Australia-Australia--KHIKJGJF_16261_1--NA-NA-NA-NA-NA                                                           67.31%    failed      1.94%
 323  301-14--AUS49-Nasutitermitinae-Nasutitermes-sp-G-Australia-Australia--KHIKJGJF_25190_1--NA-NA-NA-cog0525_nanotermes_clade1-NA                                    74.83%    passed     58.99%
 324  301-15--AUS4-Termitinae-Amitermes-meridionalis-Australia-Australia--AABCFOKG_02107_1--NA-NA-NA-cog0525_nanotermes_clade1-NA                                      63.75%    failed      0.00%
 325  301-15--AUS4-Termitinae-Amitermes-meridionalis-Australia-Australia--AABCFOKG_17210_1--NA-NA-NA-cog0525_nanotermes_clade1-NA                                      62.87%    failed      0.00%
 326  301-15--AUS4-Termitinae-Amitermes-meridionalis-Australia-Australia--AABCFOKG_19352_1--NA-NA-NA-cog0525_nanotermes_clade1-NA                                      63.35%    failed      0.00%
 327  301-15--AUS4-Termitinae-Amitermes-meridionalis-Australia-Australia--AABCFOKG_28299_1--NA-NA-NA-cog0525_nanotermes_clade1-NA                                      62.79%    failed      0.00%
 328  301-15--AUS4-Termitinae-Amitermes-meridionalis-Australia-Australia--AABCFOKG_42923_1--NA-NA-NA-cog0525_nanotermes_clade1-NA                                      73.03%    failed      0.00%
 329  301-15--AUS4-Termitinae-Amitermes-meridionalis-Australia-Australia--AABCFOKG_47629_1--NA-NA-NA-cog0525_nanotermes_clade1-NA                                      63.95%    failed      0.00%
 330  301-15--AUS4-Termitinae-Amitermes-meridionalis-Australia-Australia--AABCFOKG_60389_1--NA-NA-NA-cog0525_nanotermes_clade1-NA                                      62.99%    failed      0.00%
 331  301-15--AUS4-Termitinae-Amitermes-meridionalis-Australia-Australia--AABCFOKG_85218_1--NA-NA-NA-cog0525_nanotermes_clade1-NA                                      72.11%    failed      0.00%
 332  301-16--AUS54-Nasutitermitinae-Nasutitermes-triodiae-Australia-Australia--AKBEIDEJ_43648_1--NA-NA-NA-cog0525_nanotermes_clade1-NA                                75.39%    failed      0.00%
 333  301-17--AUS66-Microcerotermes-Microcerotermes_sp.E-Australia-Australia--MHPNFKFI_00591_1--cog0525_micro_clade3-NA-NA-cog0525_nanotermes_clade1-NA                64.71%    passed      5.20%
 334  301-17--AUS66-Microcerotermes-Microcerotermes_sp.E-Australia-Australia--MHPNFKFI_02796_1--cog0525_micro_clade3-NA-NA-cog0525_nanotermes_clade1-NA                64.71%    passed      6.32%
 335  301-17--AUS66-Microcerotermes-Microcerotermes_sp.E-Australia-Australia--MHPNFKFI_14525_1--cog0525_micro_clade3-NA-NA-cog0525_nanotermes_clade1-NA                64.71%    passed      5.92%
 336  301-17--AUS66-Microcerotermes-Microcerotermes_sp.E-Australia-Australia--MHPNFKFI_29154_1--NA-NA-NA-NA-NA                                                         62.79%    failed      1.23%
 337  301-17--AUS66-Microcerotermes-Microcerotermes_sp.E-Australia-Australia--MHPNFKFI_34838_1--NA-NA-cog0525_micro_clade2-NA-cog0525_nanotermes_clade2                64.35%    failed      0.10%
 338  301-17--AUS66-Microcerotermes-Microcerotermes_sp.E-Australia-Australia--MHPNFKFI_35127_1--cog0525_micro_clade3-NA-NA-cog0525_nanotermes_clade1-NA                76.23%    passed     30.62%
 339  301-17--AUS66-Microcerotermes-Microcerotermes_sp.E-Australia-Australia--MHPNFKFI_37949_1--cog0525_micro_clade3-NA-NA-cog0525_nanotermes_clade1-NA                64.27%    failed      0.27%
 340  301-17--AUS66-Microcerotermes-Microcerotermes_sp.E-Australia-Australia--MHPNFKFI_53909_1--cog0525_micro_clade3-NA-NA-cog0525_nanotermes_clade1-NA                73.67%    passed     72.28%
 341  301-18--AUS62-Nasutitermitinae-Nasutitermes-graveolus-Australia-Australia--KOGODHHJ_01999_1--NA-NA-NA-cog0525_nanotermes_clade1-NA                               64.51%    failed      1.33%
 342  301-19--AUS89-Kalotermitidae-Kalotermitidae-sp-A-Australia-Australia--JAHMBFEI_16951_1--NA-NA-NA-NA-NA                                                           62.79%    failed      0.00%
 343  301-19--AUS89-Kalotermitidae-Kalotermitidae-sp-A-Australia-Australia--JAHMBFEI_24097_1--NA-NA-NA-NA-NA                                                           64.23%    failed      0.00%
 344  301-19--AUS89-Kalotermitidae-Kalotermitidae-sp-A-Australia-Australia--JAHMBFEI_29122_1--NA-NA-NA-NA-NA                                                           63.95%    failed      0.00%
 345  301-19--AUS89-Kalotermitidae-Kalotermitidae-sp-A-Australia-Australia--JAHMBFEI_31345_1--NA-NA-NA-NA-NA                                                           63.71%    failed      0.00%
 346  301-19--AUS89-Kalotermitidae-Kalotermitidae-sp-A-Australia-Australia--JAHMBFEI_35992_1--NA-NA-NA-NA-NA                                                           63.03%    failed      0.00%
 347  301-19--AUS89-Kalotermitidae-Kalotermitidae-sp-A-Australia-Australia--JAHMBFEI_41645_1--NA-NA-NA-NA-NA                                                           67.99%    failed      0.00%
 348  301-19--AUS89-Kalotermitidae-Kalotermitidae-sp-A-Australia-Australia--JAHMBFEI_57156_1--NA-NA-NA-NA-NA                                                           66.71%    failed      0.00%
 349  301-20--AUS-91-Kalotermitidae-Kalotermitidae_sp_C-Australia-Australia--DBMONEDN_06897_1--NA-NA-NA-NA-NA                                                          64.83%    failed      0.00%
 350  301-20--AUS-91-Kalotermitidae-Kalotermitidae_sp_C-Australia-Australia--DBMONEDN_15066_1--NA-NA-NA-NA-NA                                                          62.95%    failed      0.00%
 351  301-20--AUS-91-Kalotermitidae-Kalotermitidae_sp_C-Australia-Australia--DBMONEDN_51378_1--NA-NA-NA-NA-NA                                                          76.87%    failed      0.00%
 352  301-24--BDIT094-Termitidae-Trinervitermes_sp-Burundi-Afro-tropical--PNDKBPLD_01757_1--NA-NA-NA-NA-NA                                                             64.63%    failed      0.00%
 353  301-24--BDIT094-Termitidae-Trinervitermes_sp-Burundi-Afro-tropical--PNDKBPLD_07757_1--NA-NA-NA-NA-cog0525_nanotermes_clade2                                      63.07%    passed     18.03%
 354  301-24--BDIT094-Termitidae-Trinervitermes_sp-Burundi-Afro-tropical--PNDKBPLD_11946_1--NA-NA-NA-NA-cog0525_nanotermes_clade2                                      63.27%    failed      4.91%
 355  301-24--BDIT094-Termitidae-Trinervitermes_sp-Burundi-Afro-tropical--PNDKBPLD_13597_1--NA-NA-NA-NA-cog0525_nanotermes_clade2                                      62.91%    failed      0.11%
 356  301-24--BDIT094-Termitidae-Trinervitermes_sp-Burundi-Afro-tropical--PNDKBPLD_32313_1--NA-NA-NA-NA-cog0525_nanotermes_clade2                                      63.19%    passed      5.04%
 357  301-29--BDIT45-Microcerotermes-Microcerotermes-parvus-Burundi-Afro-tropical--GBGOPIBM_03378_1--cog0525_micro_clade3-NA-NA-cog0525_nanotermes_clade1-NA           64.39%    passed     38.44%
 358  301-29--BDIT45-Microcerotermes-Microcerotermes-parvus-Burundi-Afro-tropical--GBGOPIBM_09114_1--NA-cog0525_micro_clade1-NA-NA-NA                                  63.71%    failed      0.15%
 359  301-32--BRA1-Nasutitermitinae-Constrictotermes-ciphergaster-Brazil-Neo-tropical--LLHKHKLA_33402_1--NA-NA-NA-cog0525_nanotermes_clade1-NA                         68.39%    failed      0.05%
 360  301-32--BRA1-Nasutitermitinae-Constrictotermes-ciphergaster-Brazil-Neo-tropical--LLHKHKLA_49507_1--NA-NA-NA-NA-NA                                                64.19%    passed     49.42%
 361  301-32--BRA1-Nasutitermitinae-Constrictotermes-ciphergaster-Brazil-Neo-tropical--LLHKHKLA_50684_1--NA-NA-NA-NA-NA                                                63.51%    failed      2.94%
 362  301-34--BRA3-Syntermitinae-Cornitermes-cumulans-Brazil-Neo-tropical--GEIPMBLL_14732_1--NA-NA-NA-cog0525_nanotermes_clade1-NA                                     64.27%    failed      0.00%
 363  301-34--BRA3-Syntermitinae-Cornitermes-cumulans-Brazil-Neo-tropical--GEIPMBLL_24073_1--NA-NA-NA-cog0525_nanotermes_clade1-NA                                     61.34%    failed      0.00%
 364  301-36--BRA9-Syntermitinae-Rhynchotermes-nasutissimus-Brazil-Neo-tropical--OCFIEBIH_05523_1--NA-NA-NA-cog0525_nanotermes_clade1-NA                               66.92%    failed      0.00%
 365  301-39--G13-130-Nasutitermitinae-Coatitermes_sp.2-French-Guiana-Neo-tropical--KIBFDEIN_02176_1--NA-NA-NA-cog0525_nanotermes_clade1-NA                            63.35%    failed      0.00%
 366  301-39--G13-130-Nasutitermitinae-Coatitermes_sp.2-French-Guiana-Neo-tropical--KIBFDEIN_02540_1--NA-NA-NA-cog0525_nanotermes_clade1-NA                            66.91%    failed      0.00%
 367  301-39--G13-130-Nasutitermitinae-Coatitermes_sp.2-French-Guiana-Neo-tropical--KIBFDEIN_05886_1--NA-NA-NA-NA-NA                                                   64.43%    failed      0.03%
 368  301-40--G13-28-Termitinae-Planicapritermes-planiceps-French-Guiana-Neo-tropical--JHDBPCMP_00970_1--NA-NA-NA-cog0525_nanotermes_clade1-NA                         63.19%    passed     46.88%
 369  301-40--G13-28-Termitinae-Planicapritermes-planiceps-French-Guiana-Neo-tropical--JHDBPCMP_07527_1--NA-NA-NA-NA-NA                                                64.55%    passed     21.98%
 370  301-40--G13-28-Termitinae-Planicapritermes-planiceps-French-Guiana-Neo-tropical--JHDBPCMP_09360_1--NA-NA-NA-NA-cog0525_nanotermes_clade2                         63.71%    passed     12.69%
 371  301-40--G13-28-Termitinae-Planicapritermes-planiceps-French-Guiana-Neo-tropical--JHDBPCMP_09628_1--NA-NA-NA-cog0525_nanotermes_clade1-NA                         63.43%    failed      0.00%
 372  301-40--G13-28-Termitinae-Planicapritermes-planiceps-French-Guiana-Neo-tropical--JHDBPCMP_24367_1--NA-NA-NA-NA-NA                                                75.79%    passed     51.46%
 373  301-40--G13-28-Termitinae-Planicapritermes-planiceps-French-Guiana-Neo-tropical--JHDBPCMP_25650_1--NA-NA-NA-NA-cog0525_nanotermes_clade2                         62.51%    passed     43.24%
 374  301-40--G13-28-Termitinae-Planicapritermes-planiceps-French-Guiana-Neo-tropical--JHDBPCMP_38354_1--NA-NA-NA-NA-NA                                                63.39%    failed      0.69%
 375  301-40--G13-28-Termitinae-Planicapritermes-planiceps-French-Guiana-Neo-tropical--JHDBPCMP_40310_1--NA-NA-NA-NA-NA                                                64.27%    passed     40.53%
 376  301-40--G13-28-Termitinae-Planicapritermes-planiceps-French-Guiana-Neo-tropical--JHDBPCMP_51993_1--NA-NA-NA-NA-cog0525_nanotermes_clade2                         62.95%    passed     15.24%
 377  301-40--G13-28-Termitinae-Planicapritermes-planiceps-French-Guiana-Neo-tropical--JHDBPCMP_56014_1--NA-NA-NA-NA-NA                                                64.39%    passed     12.91%
 378  301-40--G13-28-Termitinae-Planicapritermes-planiceps-French-Guiana-Neo-tropical--JHDBPCMP_64029_1--NA-NA-NA-NA-NA                                                67.19%    passed     97.85%
 379  301-40--G13-28-Termitinae-Planicapritermes-planiceps-French-Guiana-Neo-tropical--JHDBPCMP_76910_1--NA-NA-NA-NA-NA                                                64.59%    failed      0.00%
 380  301-40--G13-28-Termitinae-Planicapritermes-planiceps-French-Guiana-Neo-tropical--JHDBPCMP_83045_1--NA-NA-NA-NA-NA                                                66.63%    passed     68.00%
 381  301-41--G13-32-Apicotermitinae-Anoplotermes-banksi-French-Guiana-Neo-tropical--GBOCAJFK_24483_1--NA-NA-NA-NA-NA                                                  63.11%    passed     10.20%
 382  301-49--G678-2-Kalotermitidae-Rugitermes-sp-A-French-Guiana-Neo-tropical--IFJMGIMC_10411_1--NA-NA-NA-NA-NA                                                       64.55%    failed      0.00%
 383  301-50--G683-Termitinae-Neocapritermes-sp-H-French-Guiana-Neo-tropical--MFJENAHB_03160_1--NA-NA-NA-NA-cog0525_nanotermes_clade2                                  64.43%    passed     66.94%
 384  301-50--G683-Termitinae-Neocapritermes-sp-H-French-Guiana-Neo-tropical--MFJENAHB_04548_1--NA-NA-NA-cog0525_nanotermes_clade1-NA                                  64.71%    failed      0.00%
 385  301-50--G683-Termitinae-Neocapritermes-sp-H-French-Guiana-Neo-tropical--MFJENAHB_05908_1--NA-NA-NA-NA-cog0525_nanotermes_clade2                                  64.23%    passed     33.41%
 386  301-50--G683-Termitinae-Neocapritermes-sp-H-French-Guiana-Neo-tropical--MFJENAHB_07782_1--NA-NA-NA-NA-cog0525_nanotermes_clade2                                  63.47%    passed     47.42%
 387  301-50--G683-Termitinae-Neocapritermes-sp-H-French-Guiana-Neo-tropical--MFJENAHB_10083_1--NA-NA-NA-NA-NA                                                         64.23%    failed      3.48%
 388  301-50--G683-Termitinae-Neocapritermes-sp-H-French-Guiana-Neo-tropical--MFJENAHB_20665_1--NA-NA-NA-NA-cog0525_nanotermes_clade2                                  64.51%    passed     45.55%
 389  301-50--G683-Termitinae-Neocapritermes-sp-H-French-Guiana-Neo-tropical--MFJENAHB_35858_1--NA-NA-NA-NA-cog0525_nanotermes_clade2                                  74.51%    passed     37.37%
 390  301-53--G730-Termitinae-Dentispicotermes-brevicarinatus-French-Guiana-Neo-tropical--LPCCGLLO_06888_1--NA-NA-NA-NA-cog0525_nanotermes_clade2                      74.35%    failed      0.00%
 391  301-53--G730-Termitinae-Dentispicotermes-brevicarinatus-French-Guiana-Neo-tropical--LPCCGLLO_17814_1--NA-NA-NA-cog0525_nanotermes_clade1-NA                      74.11%    failed      0.00%
 392  301-54--G733-Nasutitermitinae-Nasutitermes-macrocephalus-French-Guiana-Neo-tropical--POHOEHOL_24982_1--NA-NA-NA-cog0525_nanotermes_clade1-NA                     72.55%    passed     51.69%
 393  301-54--G733-Nasutitermitinae-Nasutitermes-macrocephalus-French-Guiana-Neo-tropical--POHOEHOL_27025_1--NA-NA-NA-cog0525_nanotermes_clade1-NA                     64.51%    passed     39.14%
 394  301-54--G733-Nasutitermitinae-Nasutitermes-macrocephalus-French-Guiana-Neo-tropical--POHOEHOL_33599_1--NA-NA-NA-NA-NA                                            64.23%    failed      0.22%
 395  301-54--G733-Nasutitermitinae-Nasutitermes-macrocephalus-French-Guiana-Neo-tropical--POHOEHOL_53038_1--NA-NA-NA-NA-cog0525_nanotermes_clade2                     71.63%    passed     51.09%
 396  301-54--G733-Nasutitermitinae-Nasutitermes-macrocephalus-French-Guiana-Neo-tropical--POHOEHOL_58372_1--NA-NA-NA-NA-NA                                            72.43%    passed     54.39%
 397  301-54--G733-Nasutitermitinae-Nasutitermes-macrocephalus-French-Guiana-Neo-tropical--POHOEHOL_60563_1--NA-NA-NA-NA-cog0525_nanotermes_clade2                     75.07%    passed     38.20%
 398  301-55--H2-Kalotermitidae-Glyptotermes-Okinawa_h2-Japan-Paleo-arctic--KGECLOJD_01329_1--NA-NA-NA-NA-NA                                                           64.51%    failed      0.24%
 399  301-55--H2-Kalotermitidae-Glyptotermes-Okinawa_h2-Japan-Paleo-arctic--KGECLOJD_07527_1--NA-NA-NA-NA-NA                                                           62.83%    failed      1.46%
 400  301-55--H2-Kalotermitidae-Glyptotermes-Okinawa_h2-Japan-Paleo-arctic--KGECLOJD_22577_1--NA-NA-NA-NA-NA                                                           63.95%    failed      0.00%
 401  301-55--H2-Kalotermitidae-Glyptotermes-Okinawa_h2-Japan-Paleo-arctic--KGECLOJD_32803_1--NA-NA-NA-NA-NA                                                           64.03%    failed      0.00%
 402  301-55--H2-Kalotermitidae-Glyptotermes-Okinawa_h2-Japan-Paleo-arctic--KGECLOJD_36875_1--NA-NA-NA-NA-NA                                                           64.27%    failed      0.00%
 403  301-55--H2-Kalotermitidae-Glyptotermes-Okinawa_h2-Japan-Paleo-arctic--KGECLOJD_44181_1--NA-NA-NA-NA-NA                                                           62.38%    failed      0.00%
 404  301-58--MAD15-116-Microcerotermes-Microcerotermes-mad-sp-H-Madagascar-Madagascar--BKJILCFM_03319_1--cog0525_micro_clade3-NA-NA-cog0525_nanotermes_clade1-NA      64.39%    passed     20.67%
 405  301-58--MAD15-116-Microcerotermes-Microcerotermes-mad-sp-H-Madagascar-Madagascar--BKJILCFM_04342_1--cog0525_micro_clade3-NA-NA-cog0525_nanotermes_clade1-NA      64.31%    passed     98.51%
 406  301-58--MAD15-116-Microcerotermes-Microcerotermes-mad-sp-H-Madagascar-Madagascar--BKJILCFM_10832_1--cog0525_micro_clade3-NA-NA-cog0525_nanotermes_clade1-NA      63.35%    failed      0.53%
 407  301-58--MAD15-116-Microcerotermes-Microcerotermes-mad-sp-H-Madagascar-Madagascar--BKJILCFM_11490_1--cog0525_micro_clade3-NA-NA-cog0525_nanotermes_clade1-NA      64.47%    passed     93.61%
 408  301-58--MAD15-116-Microcerotermes-Microcerotermes-mad-sp-H-Madagascar-Madagascar--BKJILCFM_16302_1--cog0525_micro_clade3-NA-NA-cog0525_nanotermes_clade1-NA      66.27%    failed      1.25%
 409  301-58--MAD15-116-Microcerotermes-Microcerotermes-mad-sp-H-Madagascar-Madagascar--BKJILCFM_20597_1--cog0525_micro_clade3-NA-NA-cog0525_nanotermes_clade1-NA      64.67%    failed      1.56%
 410  301-58--MAD15-116-Microcerotermes-Microcerotermes-mad-sp-H-Madagascar-Madagascar--BKJILCFM_47140_1--cog0525_micro_clade3-NA-NA-cog0525_nanotermes_clade1-NA      80.67%    passed     24.72%
 411  301-59--MAD15-16-Microcerotermes-Microcerotermes-mad-sp-C-Madagascar-Madagascar--KIFAEBMO_02994_1--cog0525_micro_clade3-NA-NA-cog0525_nanotermes_clade1-NA       62.59%    passed     37.53%
 412  301-59--MAD15-16-Microcerotermes-Microcerotermes-mad-sp-C-Madagascar-Madagascar--KIFAEBMO_03774_1--cog0525_micro_clade3-NA-NA-cog0525_nanotermes_clade1-NA       63.71%    passed     88.47%
 413  301-59--MAD15-16-Microcerotermes-Microcerotermes-mad-sp-C-Madagascar-Madagascar--KIFAEBMO_25140_1--NA-cog0525_micro_clade1-NA-NA-NA                              65.59%    failed      0.12%
 414  301-60--MAD15-66-Microcerotermes-Microcerotermes-mad-sp-E-Madagascar-Madagascar--MJONPIMI_00515_1--cog0525_micro_clade3-NA-NA-cog0525_nanotermes_clade1-NA       64.51%    passed     54.63%
 415  301-60--MAD15-66-Microcerotermes-Microcerotermes-mad-sp-E-Madagascar-Madagascar--MJONPIMI_01475_1--cog0525_micro_clade3-NA-NA-cog0525_nanotermes_clade1-NA       64.79%    passed      6.38%
 416  301-60--MAD15-66-Microcerotermes-Microcerotermes-mad-sp-E-Madagascar-Madagascar--MJONPIMI_02934_1--NA-NA-cog0525_micro_clade2-NA-cog0525_nanotermes_clade2       63.99%    failed      0.00%
 417  301-60--MAD15-66-Microcerotermes-Microcerotermes-mad-sp-E-Madagascar-Madagascar--MJONPIMI_10775_1--NA-NA-NA-NA-NA                                                63.75%    failed      3.02%
 418  301-60--MAD15-66-Microcerotermes-Microcerotermes-mad-sp-E-Madagascar-Madagascar--MJONPIMI_10891_1--cog0525_micro_clade3-NA-NA-cog0525_nanotermes_clade1-NA       67.67%    passed     15.99%
 419  301-60--MAD15-66-Microcerotermes-Microcerotermes-mad-sp-E-Madagascar-Madagascar--MJONPIMI_19362_1--NA-NA-NA-NA-cog0525_nanotermes_clade2                         70.32%    failed      0.00%
 420  301-61--MAD15-71-Microcerotermes-Microcerotermes-mad-sp-B-Madagascar-Madagascar--HLHCAAJD_03149_1--cog0525_micro_clade3-NA-NA-cog0525_nanotermes_clade1-NA       63.99%    passed     80.66%
 421  301-61--MAD15-71-Microcerotermes-Microcerotermes-mad-sp-B-Madagascar-Madagascar--HLHCAAJD_13135_1--cog0525_micro_clade3-NA-NA-cog0525_nanotermes_clade1-NA       63.83%    passed     86.06%
 422  301-61--MAD15-71-Microcerotermes-Microcerotermes-mad-sp-B-Madagascar-Madagascar--HLHCAAJD_14733_1--cog0525_micro_clade3-NA-NA-cog0525_nanotermes_clade1-NA       64.59%    passed     83.73%
 423  301-61--MAD15-71-Microcerotermes-Microcerotermes-mad-sp-B-Madagascar-Madagascar--HLHCAAJD_37302_1--NA-NA-NA-NA-NA                                                62.10%    failed      0.10%
 424  301-62--NG45-Termitinae-Pericapritermes-parvus-New-Guinea-Oceania--NCHNJOLC_03490_1--NA-NA-NA-NA-cog0525_nanotermes_clade2                                       62.63%    failed      0.00%
 425  301-64--NSW6-Nasutitermitinae-Occasitermes-Australia-Australia--MDFLAMOO_02023_1--NA-NA-NA-NA-NA                                                                 64.23%    failed      0.00%
 426  301-64--NSW6-Nasutitermitinae-Occasitermes-Australia-Australia--MDFLAMOO_03118_1--NA-NA-NA-NA-NA                                                                 64.43%    passed     34.77%
 427  301-64--NSW6-Nasutitermitinae-Occasitermes-Australia-Australia--MDFLAMOO_06824_1--NA-NA-NA-NA-NA                                                                 64.63%    failed      0.00%
 428  301-64--NSW6-Nasutitermitinae-Occasitermes-Australia-Australia--MDFLAMOO_19177_1--NA-NA-NA-cog0525_nanotermes_clade1-NA                                          70.51%    failed      0.00%
 429  301-68--RDCT098-Apicotermitinae-Amalotermes-phaeocephalus-Congo-Afro-tropical--NMODEKJG_24448_1--NA-NA-NA-cog0525_nanotermes_clade1-NA                           63.91%    failed      0.00%
 430  301-74--RD1T21M1-e-Termitinae-Promirotermes-pygmaeus-Congo-Afro-tropical--MJLOMOGD_11381_1--NA-NA-NA-cog0525_nanotermes_clade1-NA                                63.75%    failed      0.00%
 431  301-80--THAI100-Nasutitermitinae-Bulbitermes-nr-laticephalus-Thailand-Oriental--PLCNNCOE_02519_1--NA-NA-NA-cog0525_nanotermes_clade1-NA                          64.71%    failed      0.00%
 432  301-80--THAI100-Nasutitermitinae-Bulbitermes-nr-laticephalus-Thailand-Oriental--PLCNNCOE_02692_1--NA-NA-NA-NA-cog0525_nanotermes_clade2                          63.11%    passed     15.91%
 433  301-80--THAI100-Nasutitermitinae-Bulbitermes-nr-laticephalus-Thailand-Oriental--PLCNNCOE_20052_1--NA-NA-NA-NA-NA                                                 64.19%    passed     22.84%
 434  301-80--THAI100-Nasutitermitinae-Bulbitermes-nr-laticephalus-Thailand-Oriental--PLCNNCOE_42515_1--NA-NA-NA-NA-NA                                                 63.95%    passed     20.54%
 435  301-80--THAI100-Nasutitermitinae-Bulbitermes-nr-laticephalus-Thailand-Oriental--PLCNNCOE_51923_1--NA-NA-NA-NA-cog0525_nanotermes_clade2                          68.23%    passed      9.40%
 436  301-82--THAI23-Rhinotermitidae-Parhinotermes-sp-A-Thailand-Oriental--ABCJDEHC_04865_1--NA-NA-NA-NA-NA                                                            64.79%    passed     15.21%
 437  301-90--THAI98-Rhinotermitidae-Reticulitermes-sp-A-Thailand-Oriental--NILKJFJI_05542_1--NA-NA-NA-NA-NA                                                           73.99%    failed      0.00%
 438  301-92--US1-Rhinotermitidae-Reticulitermes-nelsonae-USA-Neo-arctic--KLEHDADP_15575_1--NA-NA-NA-NA-NA                                                             63.35%    failed      0.00%
 439  301-92--US1-Rhinotermitidae-Reticulitermes-nelsonae-USA-Neo-arctic--KLEHDADP_48010_1--NA-NA-NA-NA-NA                                                             75.35%    failed      2.35%
WARNING: 438 sequences contain more than 50% gaps/ambiguity
****  TOTAL                                                                                                                                                            66.34%  220 sequences failed composition chi2 test (p-value<5%; df=3)
NOTE: 301-08--81-2-Termitinae-Microcerotermes-papuanus-New-Guinea-Oceania--LIMPOKBC_10230_1--cog0525_micro_clade3-NA-NA-cog0525_nanotermes_clade1-NA is identical to 230-12--81-Microcerotermes-Microcerotermes-papuanus-New-Guinea-Oceania--GCKEGHAL_04102_1--cog0525_micro_clade3-NA-NA-cog0525_nanotermes_clade1-NA but kept for subsequent analysis
NOTE: 301-08--81-2-Termitinae-Microcerotermes-papuanus-New-Guinea-Oceania--LIMPOKBC_08735_1--cog0525_micro_clade3-NA-NA-cog0525_nanotermes_clade1-NA is identical to 230-12--81-Microcerotermes-Microcerotermes-papuanus-New-Guinea-Oceania--GCKEGHAL_11503_1--cog0525_micro_clade3-NA-NA-cog0525_nanotermes_clade1-NA but kept for subsequent analysis
NOTE: 301-08--81-2-Termitinae-Microcerotermes-papuanus-New-Guinea-Oceania--LIMPOKBC_20863_1--cog0525_micro_clade3-NA-NA-cog0525_nanotermes_clade1-NA is identical to 230-12--81-Microcerotermes-Microcerotermes-papuanus-New-Guinea-Oceania--GCKEGHAL_22399_1--cog0525_micro_clade3-NA-NA-cog0525_nanotermes_clade1-NA but kept for subsequent analysis

Create initial parsimony tree by phylogenetic likelihood library (PLL)... 0.460 seconds

NOTE: 253 MB RAM (0 GB) is required!
Estimate model parameters (epsilon = 0.100)
Thoroughly optimizing +I+G parameters from 10 start values...
Init pinv, alpha: 0.000, 1.000 / Estimate: 0.092, 0.823 / LogL: -468886.743
Init pinv, alpha: 0.048, 1.000 / Estimate: 0.092, 0.823 / LogL: -468886.613
Init pinv, alpha: 0.097, 1.000 / Estimate: 0.093, 0.823 / LogL: -468886.613
Init pinv, alpha: 0.145, 1.000 / Estimate: 0.093, 0.823 / LogL: -468886.630
Init pinv, alpha: 0.194, 1.000 / Estimate: 0.093, 0.823 / LogL: -468886.622
Init pinv, alpha: 0.242, 1.000 / Estimate: 0.093, 0.823 / LogL: -468886.612
Init pinv, alpha: 0.291, 1.000 / Estimate: 0.093, 0.823 / LogL: -468886.620
Init pinv, alpha: 0.339, 1.000 / Estimate: 0.093, 0.823 / LogL: -468886.627
Init pinv, alpha: 0.388, 1.000 / Estimate: 0.093, 0.823 / LogL: -468886.637
Init pinv, alpha: 0.436, 1.000 / Estimate: 0.093, 0.823 / LogL: -468886.624
Optimal pinv,alpha: 0.093, 0.823 / LogL: -468886.612

Parameters optimization took 297.698 sec
Computing ML distances based on estimated model parameters...
Computing ML distances took 3.006208 sec (of wall-clock time) 2.960216 sec(of CPU time)
WARNING: Some pairwise ML distances are too long (saturated)
Computing RapidNJ tree took 0.048497 sec (of wall-clock time) 0.043885 sec (of CPU time)
Log-likelihood of RapidNJ tree: -470909.561
--------------------------------------------------------------------
|             INITIALIZING CANDIDATE TREE SET                      |
--------------------------------------------------------------------
Generating 98 parsimony trees... 47.591 second
Computing log-likelihood of 98 initial trees ... 53.814 seconds
Current best score: -468886.612

Do NNI search on 20 best initial trees
Estimate model parameters (epsilon = 0.100)
BETTER TREE FOUND at iteration 1: -468529.283
Estimate model parameters (epsilon = 0.100)
BETTER TREE FOUND at iteration 2: -468404.349
Estimate model parameters (epsilon = 0.100)
BETTER TREE FOUND at iteration 3: -468039.158
Estimate model parameters (epsilon = 0.100)
BETTER TREE FOUND at iteration 4: -467986.903
Iteration 10 / LogL: -468105.967 / Time: 0h:8m:38s
Iteration 20 / LogL: -468333.395 / Time: 0h:9m:55s
Finish initializing candidate tree set (20)
Current best tree score: -467986.903 / CPU time: 288.250
Number of iterations: 20
--------------------------------------------------------------------
|               OPTIMIZING CANDIDATE TREE SET                      |
--------------------------------------------------------------------
Estimate model parameters (epsilon = 0.100)
BETTER TREE FOUND at iteration 25: -467953.216
Estimate model parameters (epsilon = 0.100)
BETTER TREE FOUND at iteration 26: -467952.020
Estimate model parameters (epsilon = 0.100)
BETTER TREE FOUND at iteration 30: -467935.381
Iteration 30 / LogL: -467935.381 / Time: 0h:11m:49s (0h:40m:45s left)
Estimate model parameters (epsilon = 0.100)
BETTER TREE FOUND at iteration 34: -467914.499
Estimate model parameters (epsilon = 0.100)
BETTER TREE FOUND at iteration 35: -467911.472
Estimate model parameters (epsilon = 0.100)
BETTER TREE FOUND at iteration 37: -467898.191
Iteration 40 / LogL: -467955.185 / Time: 0h:13m:39s (0h:33m:55s left)
Iteration 50 / LogL: -467978.641 / Time: 0h:15m:8s (0h:26m:52s left)
Estimate model parameters (epsilon = 0.100)
BETTER TREE FOUND at iteration 53: -467887.009
Estimate model parameters (epsilon = 0.100)
BETTER TREE FOUND at iteration 60: -467842.614
Iteration 60 / LogL: -467842.614 / Time: 0h:16m:55s (0h:28m:39s left)
Iteration 70 / LogL: -467874.159 / Time: 0h:18m:22s (0h:23m:57s left)
Iteration 80 / LogL: -467863.873 / Time: 0h:19m:57s (0h:20m:12s left)
Iteration 90 / LogL: -467933.421 / Time: 0h:21m:29s (0h:16m:53s left)
Estimate model parameters (epsilon = 0.100)
BETTER TREE FOUND at iteration 91: -467821.583
Estimate model parameters (epsilon = 0.100)
BETTER TREE FOUND at iteration 97: -467816.498
Iteration 100 / LogL: -467868.951 / Time: 0h:23m:11s (0h:22m:42s left)
Iteration 110 / LogL: -467903.243 / Time: 0h:24m:44s (0h:19m:44s left)
Iteration 120 / LogL: -467838.253 / Time: 0h:26m:11s (0h:16m:56s left)
Estimate model parameters (epsilon = 0.100)
BETTER TREE FOUND at iteration 130: -467811.198
Iteration 130 / LogL: -467811.198 / Time: 0h:27m:50s (0h:21m:34s left)
Iteration 140 / LogL: -467862.435 / Time: 0h:29m:20s (0h:18m:59s left)
Iteration 150 / LogL: -467817.247 / Time: 0h:30m:47s (0h:16m:31s left)
Iteration 160 / LogL: -467828.079 / Time: 0h:32m:11s (0h:14m:10s left)
Iteration 170 / LogL: -467880.555 / Time: 0h:33m:48s (0h:11m:59s left)
Iteration 180 / LogL: -467843.661 / Time: 0h:35m:15s (0h:9m:50s left)
Iteration 190 / LogL: -467825.981 / Time: 0h:36m:42s (0h:7m:45s left)
Iteration 200 / LogL: -467846.690 / Time: 0h:38m:9s (0h:5m:45s left)
Iteration 210 / LogL: -467928.190 / Time: 0h:39m:38s (0h:3m:47s left)
Iteration 220 / LogL: -467866.731 / Time: 0h:41m:0s (0h:1m:52s left)
Iteration 230 / LogL: -467851.545 / Time: 0h:42m:28s (0h:0m:0s left)
TREE SEARCH COMPLETED AFTER 231 ITERATIONS / Time: 0h:42m:37s

--------------------------------------------------------------------
|                    FINALIZING TREE SEARCH                        |
--------------------------------------------------------------------
Performs final model parameters optimization
Estimate model parameters (epsilon = 0.010)
1. Initial log-likelihood: -467811.198
Optimal log-likelihood: -467811.188
Rate parameters:  A-C: 1.17793  A-G: 2.45051  A-T: 0.71323  C-G: 0.83890  C-T: 3.01187  G-T: 1.00000
Base frequencies:  A: 0.259  C: 0.250  G: 0.272  T: 0.219
Proportion of invariable sites: 0.092
Gamma shape alpha: 0.816
Parameters optimization took 1 rounds (3.298 sec)
BEST SCORE FOUND : -467811.188
Total tree length: 68.473

Total number of iterations: 231
CPU time used for tree search: 2232.591 sec (0h:37m:12s)
Wall-clock time used for tree search: 2250.426 sec (0h:37m:30s)
Total CPU time used: 2540.255 sec (0h:42m:20s)
Total wall-clock time used: 2560.904 sec (0h:42m:40s)

Analysis results written to: 
  IQ-TREE report:                new-protein-nucleotide-cockroach-extracted-Treponema-COG0525.fasta.iqtree
  Maximum-likelihood tree:       new-protein-nucleotide-cockroach-extracted-Treponema-COG0525.fasta.treefile
  Likelihood distances:          new-protein-nucleotide-cockroach-extracted-Treponema-COG0525.fasta.mldist
  Screen log file:               new-protein-nucleotide-cockroach-extracted-Treponema-COG0525.fasta.log

--- Start phylogenetic dating ---
Reading date file DATE_FILE2 ...
1 dates extracted
Building time tree by least-square dating (LSD) with command:
lsd -i new-protein-nucleotide-cockroach-extracted-Treponema-COG0525.fasta.timetree.subst -s 7497 -o new-protein-nucleotide-cockroach-extracted-Treponema-COG0525.fasta.timetree -f 100 -g new-protein-nucleotide-cockroach-extracted-Treponema-COG0525.fasta.timetree.outgroup -d new-protein-nucleotide-cockroach-extracted-Treponema-COG0525.fasta.timetree.date -a 130 -z 0 -u 1 
Reroot the tree(s) using given outgroups ...

TREE 1
*PROCESSING:
Reading the tree ... 
Collapse 0 (over 437) internal branches having branch length <= 6.67e-05
 (settable via option -l)
Parameter to adjust variances was set to 0.051 (settable via option -b)
Minimum branch length of time scaled tree (settable via option -u and -U): 1
